"C:/Deskop/For University/game UE/firstOne/Content/StarterContent/Materials/M_Basic_Floor.uasset" 0
"C:/Deskop/For University/game UE/firstOne/Content/StarterContent/Materials/M_Basic_Floor.uexp" 1
"C:/Deskop/For University/game UE/firstOne/Content/StarterContent/Architecture/Floor_400x400.uasset" 2
"C:/Deskop/For University/game UE/firstOne/Content/StarterContent/Architecture/Floor_400x400.uexp" 3
"../../../Engine/Content/EngineMaterials/T_Default_Material_Grid_N.uasset" 4
"../../../Engine/Content/EngineMaterials/T_Default_Material_Grid_N.uexp" 5
"../../../Engine/Content/EngineMaterials/T_Default_Material_Grid_N.ubulk" 6
"../../../Engine/Content/EngineMaterials/T_Default_Material_Grid_M.uasset" 7
"../../../Engine/Content/EngineMaterials/T_Default_Material_Grid_M.uexp" 8
"../../../Engine/Content/EngineMaterials/T_Default_Material_Grid_M.ubulk" 9
"../../../Engine/Content/Functions/Engine_MaterialFunctions01/Opacity/CameraDepthFade.uasset" 10
"../../../Engine/Content/Functions/Engine_MaterialFunctions01/Opacity/CameraDepthFade.uexp" 11
"../../../Engine/Content/EngineMaterials/WorldGridMaterial.uasset" 12
"../../../Engine/Content/EngineMaterials/WorldGridMaterial.uexp" 13
"../../../Engine/Content/ArtTools/RenderToTexture/Meshes/S_1_Unit_Plane.uasset" 14
"../../../Engine/Content/ArtTools/RenderToTexture/Meshes/S_1_Unit_Plane.uexp" 15
"../../../Engine/Content/EngineMaterials/DefaultMaterial.uasset" 16
"../../../Engine/Content/EngineMaterials/DefaultMaterial.uexp" 17
"../../../Engine/Content/BasicShapes/Cone.uasset" 18
"../../../Engine/Content/BasicShapes/Cone.uexp" 19
"../../../Engine/Content/BasicShapes/Cube.uasset" 20
"../../../Engine/Content/BasicShapes/Cube.uexp" 21
"../../../Engine/Content/BasicShapes/Sphere.uasset" 22
"../../../Engine/Content/BasicShapes/Sphere.uexp" 23
"../../../Engine/Content/EngineMaterials/DefaultPhysicalMaterial.uasset" 24
"../../../Engine/Content/EngineMaterials/DefaultPhysicalMaterial.uexp" 25
"../../../Engine/Content/BufferVisualization/AmbientOcclusion.uasset" 26
"../../../Engine/Content/BufferVisualization/AmbientOcclusion.uexp" 27
"../../../Engine/Content/Functions/Engine_MaterialFunctions02/Utility/AppendMany.uasset" 28
"../../../Engine/Content/Functions/Engine_MaterialFunctions02/Utility/AppendMany.uexp" 29
"../../../Engine/Content/BufferVisualization/Anisotropy.uasset" 30
"../../../Engine/Content/BufferVisualization/Anisotropy.uexp" 31
"../../../Engine/Content/BufferVisualization/BaseColor.uasset" 32
"../../../Engine/Content/BufferVisualization/BaseColor.uexp" 33
"../../../Engine/Content/BufferVisualization/CustomDepth.uasset" 34
"../../../Engine/Content/BufferVisualization/CustomDepth.uexp" 35
"../../../Engine/Content/Functions/Engine_MaterialFunctions02/Utility/VectorLength.uasset" 36
"../../../Engine/Content/Functions/Engine_MaterialFunctions02/Utility/VectorLength.uexp" 37
"../../../Engine/Content/BufferVisualization/CustomDepthWorldUnits.uasset" 38
"../../../Engine/Content/BufferVisualization/CustomDepthWorldUnits.uexp" 39
"../../../Engine/Content/EngineMaterials/MiniFont.uasset" 40
"../../../Engine/Content/EngineMaterials/MiniFont.uexp" 41
"../../../Engine/Content/Functions/Engine_MaterialFunctions02/Utility/MakeFloat3.uasset" 42
"../../../Engine/Content/Functions/Engine_MaterialFunctions02/Utility/MakeFloat3.uexp" 43
"../../../Engine/Content/Functions/Engine_MaterialFunctions02/Utility/MakeFloat2.uasset" 44
"../../../Engine/Content/Functions/Engine_MaterialFunctions02/Utility/MakeFloat2.uexp" 45
"../../../Engine/Content/Functions/Engine_MaterialFunctions02/ScreenResolution.uasset" 46
"../../../Engine/Content/Functions/Engine_MaterialFunctions02/ScreenResolution.uexp" 47
"../../../Engine/Content/Functions/Engine_MaterialFunctions02/Utility/BreakOutFloat2Components.uasset" 48
"../../../Engine/Content/Functions/Engine_MaterialFunctions02/Utility/BreakOutFloat2Components.uexp" 49
"../../../Engine/Content/Functions/Engine_MaterialFunctions01/Texturing/ScaleUVsByCenter.uasset" 50
"../../../Engine/Content/Functions/Engine_MaterialFunctions01/Texturing/ScaleUVsByCenter.uexp" 51
"../../../Engine/Content/Functions/Engine_MaterialFunctions02/Texturing/ScreenAlignedUVs.uasset" 52
"../../../Engine/Content/Functions/Engine_MaterialFunctions02/Texturing/ScreenAlignedUVs.uexp" 53
"../../../Engine/Content/BufferVisualization/CustomStencil.uasset" 54
"../../../Engine/Content/BufferVisualization/CustomStencil.uexp" 55
"../../../Engine/Content/BufferVisualization/FinalImage.uasset" 56
"../../../Engine/Content/BufferVisualization/FinalImage.uexp" 57
"../../../Engine/Content/BufferVisualization/LightingModel.uasset" 58
"../../../Engine/Content/BufferVisualization/LightingModel.uexp" 59
"../../../Engine/Content/BufferVisualization/MaterialAO.uasset" 60
"../../../Engine/Content/BufferVisualization/MaterialAO.uexp" 61
"../../../Engine/Content/BufferVisualization/Metallic.uasset" 62
"../../../Engine/Content/BufferVisualization/Metallic.uexp" 63
"../../../Engine/Content/BufferVisualization/Opacity.uasset" 64
"../../../Engine/Content/BufferVisualization/Opacity.uexp" 65
"../../../Engine/Content/BufferVisualization/PostTonemapHDRColor.uasset" 66
"../../../Engine/Content/BufferVisualization/PostTonemapHDRColor.uexp" 67
"../../../Engine/Content/BufferVisualization/PreTonemapHDRColor.uasset" 68
"../../../Engine/Content/BufferVisualization/PreTonemapHDRColor.uexp" 69
"../../../Engine/Content/BufferVisualization/Roughness.uasset" 70
"../../../Engine/Content/BufferVisualization/Roughness.uexp" 71
"../../../Engine/Content/BufferVisualization/SceneColor.uasset" 72
"../../../Engine/Content/BufferVisualization/SceneColor.uexp" 73
"../../../Engine/Content/BufferVisualization/SceneDepth.uasset" 74
"../../../Engine/Content/BufferVisualization/SceneDepth.uexp" 75
"../../../Engine/Content/BufferVisualization/SceneDepthWorldUnits.uasset" 76
"../../../Engine/Content/BufferVisualization/SceneDepthWorldUnits.uexp" 77
"../../../Engine/Content/BufferVisualization/SeparateTranslucencyA.uasset" 78
"../../../Engine/Content/BufferVisualization/SeparateTranslucencyA.uexp" 79
"../../../Engine/Content/BufferVisualization/SeparateTranslucencyRGB.uasset" 80
"../../../Engine/Content/BufferVisualization/SeparateTranslucencyRGB.uexp" 81
"../../../Engine/Content/BufferVisualization/Specular.uasset" 82
"../../../Engine/Content/BufferVisualization/Specular.uexp" 83
"../../../Engine/Content/BufferVisualization/SubsurfaceColor.uasset" 84
"../../../Engine/Content/BufferVisualization/SubsurfaceColor.uexp" 85
"../../../Engine/Content/BufferVisualization/Velocity.uasset" 86
"../../../Engine/Content/BufferVisualization/Velocity.uexp" 87
"../../../Engine/Content/BufferVisualization/WorldNormal.uasset" 88
"../../../Engine/Content/BufferVisualization/WorldNormal.uexp" 89
"../../../Engine/Content/BufferVisualization/WorldTangent.uasset" 90
"../../../Engine/Content/BufferVisualization/WorldTangent.uexp" 91
"../../../Engine/Content/EditorLandscapeResources/DataLayer.uasset" 92
"../../../Engine/Content/EditorLandscapeResources/DataLayer.uexp" 93
"../../../Engine/Content/EditorLandscapeResources/DefaultAlphaTexture.uasset" 94
"../../../Engine/Content/EditorLandscapeResources/DefaultAlphaTexture.uexp" 95
"../../../Engine/Content/EditorLandscapeResources/LandscapeGizmoHeight_Mat.uasset" 96
"../../../Engine/Content/EditorLandscapeResources/LandscapeGizmoHeight_Mat.uexp" 97
"../../../Engine/Content/EditorLandscapeResources/LandscapeGizmo_Mat.uasset" 98
"../../../Engine/Content/EditorLandscapeResources/LandscapeGizmo_Mat.uexp" 99
"../../../Engine/Content/EditorLandscapeResources/LandscapeGizmo_Mat_Copied.uasset" 100
"../../../Engine/Content/EditorLandscapeResources/LandscapeGizmo_Mat_Copied.uexp" 101
"../../../Engine/Content/EditorLandscapeResources/SplineEditorMeshMat.uasset" 102
"../../../Engine/Content/EditorLandscapeResources/SplineEditorMeshMat.uexp" 103
"../../../Engine/Content/EditorLandscapeResources/SplineEditorMesh.uasset" 104
"../../../Engine/Content/EditorLandscapeResources/SplineEditorMesh.uexp" 105
"../../../Engine/Content/EditorMaterials/Cross.uasset" 106
"../../../Engine/Content/EditorMaterials/Cross.uexp" 107
"../../../Engine/Content/EditorMaterials/Cross_Mat.uasset" 108
"../../../Engine/Content/EditorMaterials/Cross_Mat.uexp" 109
"../../../Engine/Content/EditorResources/T_EditorHelp.uasset" 110
"../../../Engine/Content/EditorResources/T_EditorHelp.uexp" 111
"../../../Engine/Content/EditorResources/T_EditorHelp.ubulk" 112
"../../../Engine/Content/Functions/Engine_MaterialFunctions02/Utility/Sign.uasset" 113
"../../../Engine/Content/Functions/Engine_MaterialFunctions02/Utility/Sign.uexp" 114
"../../../Engine/Content/Functions/Engine_MaterialFunctions02/Utility/Round.uasset" 115
"../../../Engine/Content/Functions/Engine_MaterialFunctions02/Utility/Round.uexp" 116
"../../../Engine/Content/Functions/Engine_MaterialFunctions02/ExampleContent/Textures/DebugNumberPeriod.uasset" 117
"../../../Engine/Content/Functions/Engine_MaterialFunctions02/ExampleContent/Textures/DebugNumberPeriod.uexp" 118
"../../../Engine/Content/Functions/Engine_MaterialFunctions02/ExampleContent/DebugNumberStrip.uasset" 119
"../../../Engine/Content/Functions/Engine_MaterialFunctions02/ExampleContent/DebugNumberStrip.uexp" 120
"../../../Engine/Content/EngineMaterials/DefaultDiffuse.uasset" 121
"../../../Engine/Content/EngineMaterials/DefaultDiffuse.uexp" 122
"../../../Engine/Content/EngineMaterials/DefaultDiffuse.ubulk" 123
"../../../Engine/Content/Functions/Engine_MaterialFunctions01/Texturing/TextureCropping.uasset" 124
"../../../Engine/Content/Functions/Engine_MaterialFunctions01/Texturing/TextureCropping.uexp" 125
"../../../Engine/Content/Functions/Engine_MaterialFunctions01/Texturing/ComputeMipLevel.uasset" 126
"../../../Engine/Content/Functions/Engine_MaterialFunctions01/Texturing/ComputeMipLevel.uexp" 127
"../../../Engine/Content/Functions/Engine_MaterialFunctions02/Utility/DebugScalarValues.uasset" 128
"../../../Engine/Content/Functions/Engine_MaterialFunctions02/Utility/DebugScalarValues.uexp" 129
"../../../Engine/Content/Functions/Engine_MaterialFunctions02/Utility/DebugFloat2Values.uasset" 130
"../../../Engine/Content/Functions/Engine_MaterialFunctions02/Utility/DebugFloat2Values.uexp" 131
"../../../Engine/Content/Functions/Engine_MaterialFunctions02/ExampleContent/Textures/flipbook.uasset" 132
"../../../Engine/Content/Functions/Engine_MaterialFunctions02/ExampleContent/Textures/flipbook.uexp" 133
"../../../Engine/Content/Functions/Engine_MaterialFunctions02/ExampleContent/Textures/flipbook.ubulk" 134
"../../../Engine/Content/Functions/Engine_MaterialFunctions02/Texturing/FlipBook.uasset" 135
"../../../Engine/Content/Functions/Engine_MaterialFunctions02/Texturing/FlipBook.uexp" 136
"../../../Engine/Content/EditorMaterials/HelpActorMaterial.uasset" 137
"../../../Engine/Content/EditorMaterials/HelpActorMaterial.uexp" 138
"../../../Engine/Content/Functions/Engine_MaterialFunctions03/Procedurals/ComputeFilterWidth.uasset" 139
"../../../Engine/Content/Functions/Engine_MaterialFunctions03/Procedurals/ComputeFilterWidth.uexp" 140
"../../../Engine/Content/EngineMaterials/BlendFunc_DefBlend.uasset" 141
"../../../Engine/Content/EngineMaterials/BlendFunc_DefBlend.uexp" 142
"../../../Engine/Content/EngineMaterials/BlendFunc_DefBase.uasset" 143
"../../../Engine/Content/EngineMaterials/BlendFunc_DefBase.uexp" 144
"../../../Engine/Content/Functions/Engine_MaterialFunctions03/Blends/Blend_Screen.uasset" 145
"../../../Engine/Content/Functions/Engine_MaterialFunctions03/Blends/Blend_Screen.uexp" 146
"../../../Engine/Content/EditorMaterials/TilingAALineIntegral.uasset" 147
"../../../Engine/Content/EditorMaterials/TilingAALineIntegral.uexp" 148
"../../../Engine/Content/EditorMaterials/TilingAALineBoxFiltered.uasset" 149
"../../../Engine/Content/EditorMaterials/TilingAALineBoxFiltered.uexp" 150
"../../../Engine/Content/EditorMaterials/TilingAAGrid.uasset" 151
"../../../Engine/Content/EditorMaterials/TilingAAGrid.uexp" 152
"../../../Engine/Content/EditorMaterials/TilingAADots.uasset" 153
"../../../Engine/Content/EditorMaterials/TilingAADots.uexp" 154
"../../../Engine/Content/EditorMaterials/CompositeARGBLayer.uasset" 155
"../../../Engine/Content/EditorMaterials/CompositeARGBLayer.uexp" 156
"../../../Engine/Content/EditorMaterials/LevelGridMaterial.uasset" 157
"../../../Engine/Content/EditorMaterials/LevelGridMaterial.uexp" 158
"../../../Engine/Content/EditorResources/LevelGrid1DStripes.uasset" 159
"../../../Engine/Content/EditorResources/LevelGrid1DStripes.uexp" 160
"../../../Engine/Content/EditorMaterials/TextureGridCascaded1D.uasset" 161
"../../../Engine/Content/EditorMaterials/TextureGridCascaded1D.uexp" 162
"../../../Engine/Content/EditorMaterials/TextureGridCascaded2D.uasset" 163
"../../../Engine/Content/EditorMaterials/TextureGridCascaded2D.uexp" 164
"../../../Engine/Content/EditorMaterials/MakeCompositeARGBLayer.uasset" 165
"../../../Engine/Content/EditorMaterials/MakeCompositeARGBLayer.uexp" 166
"../../../Engine/Content/EditorMaterials/LevelGridMaterial2.uasset" 167
"../../../Engine/Content/EditorMaterials/LevelGridMaterial2.uexp" 168
"../../../Engine/Content/EditorMaterials/MAT_Groups_Toggle.uasset" 169
"../../../Engine/Content/EditorMaterials/MAT_Groups_Toggle.uexp" 170
"../../../Engine/Content/EditorMaterials/MAT_Groups_Visibility.uasset" 171
"../../../Engine/Content/EditorMaterials/MAT_Groups_Visibility.uexp" 172
"../../../Engine/Content/EditorMaterials/PhAT_BoneSelectedMaterial.uasset" 173
"../../../Engine/Content/EditorMaterials/PhAT_BoneSelectedMaterial.uexp" 174
"../../../Engine/Content/EditorMaterials/PhAT_ElemSelectedMaterial.uasset" 175
"../../../Engine/Content/EditorMaterials/PhAT_ElemSelectedMaterial.uexp" 176
"../../../Engine/Content/EditorMaterials/PhAT_NoCollisionMaterial.uasset" 177
"../../../Engine/Content/EditorMaterials/PhAT_NoCollisionMaterial.uexp" 178
"../../../Engine/Content/EditorMaterials/PhAT_UnselectedMaterial.uasset" 179
"../../../Engine/Content/EditorMaterials/PhAT_UnselectedMaterial.uexp" 180
"../../../Engine/Content/EditorMaterials/PreviewShadowIndicator.uasset" 181
"../../../Engine/Content/EditorMaterials/PreviewShadowIndicator.uexp" 182
"../../../Engine/Content/EditorMaterials/PreviewShadowIndicator.ubulk" 183
"../../../Engine/Content/EditorMaterials/PreviewShadowIndicatorMaterial.uasset" 184
"../../../Engine/Content/EditorMaterials/PreviewShadowIndicatorMaterial.uexp" 185
"../../../Engine/Content/EditorMaterials/TargetIcon.uasset" 186
"../../../Engine/Content/EditorMaterials/TargetIcon.uexp" 187
"../../../Engine/Content/EditorMaterials/TargetIcon.ubulk" 188
"../../../Engine/Content/EditorMaterials/Tick.uasset" 189
"../../../Engine/Content/EditorMaterials/Tick.uexp" 190
"../../../Engine/Content/EditorMaterials/Tick_Mat.uasset" 191
"../../../Engine/Content/EditorMaterials/Tick_Mat.uexp" 192
"../../../Engine/Content/EditorMaterials/WidgetGridVertexColorMaterial.uasset" 193
"../../../Engine/Content/EditorMaterials/WidgetGridVertexColorMaterial.uexp" 194
"../../../Engine/Content/EditorMaterials/WidgetGridVertexColorMaterial.ubulk" 195
"../../../Engine/Content/EditorMaterials/WidgetGridVertexColorMaterial_Ma.uasset" 196
"../../../Engine/Content/EditorMaterials/WidgetGridVertexColorMaterial_Ma.uexp" 197
"../../../Engine/Content/EditorMaterials/WidgetMaterial.uasset" 198
"../../../Engine/Content/EditorMaterials/WidgetMaterial.uexp" 199
"../../../Engine/Content/EditorMaterials/WidgetMaterial_Current.uasset" 200
"../../../Engine/Content/EditorMaterials/WidgetMaterial_Current.uexp" 201
"../../../Engine/Content/EditorMaterials/WidgetMaterial_X.uasset" 202
"../../../Engine/Content/EditorMaterials/WidgetMaterial_X.uexp" 203
"../../../Engine/Content/EditorMaterials/WidgetMaterial_Y.uasset" 204
"../../../Engine/Content/EditorMaterials/WidgetMaterial_Y.uexp" 205
"../../../Engine/Content/EditorMaterials/WidgetMaterial_Z.uasset" 206
"../../../Engine/Content/EditorMaterials/WidgetMaterial_Z.uexp" 207
"../../../Engine/Content/EditorMaterials/WidgetVertexColorMaterial.uasset" 208
"../../../Engine/Content/EditorMaterials/WidgetVertexColorMaterial.uexp" 209
"../../../Engine/Content/EditorMaterials/MatineeGroups/MAT_ColorTrack.uasset" 210
"../../../Engine/Content/EditorMaterials/MatineeGroups/MAT_ColorTrack.uexp" 211
"../../../Engine/Content/EditorMaterials/MatineeGroups/MAT_Groups_Anim.uasset" 212
"../../../Engine/Content/EditorMaterials/MatineeGroups/MAT_Groups_Anim.uexp" 213
"../../../Engine/Content/EditorMaterials/MatineeGroups/MAT_Groups_AudioMaster.uasset" 214
"../../../Engine/Content/EditorMaterials/MatineeGroups/MAT_Groups_AudioMaster.uexp" 215
"../../../Engine/Content/EditorMaterials/MatineeGroups/MAT_Groups_Director.uasset" 216
"../../../Engine/Content/EditorMaterials/MatineeGroups/MAT_Groups_Director.uexp" 217
"../../../Engine/Content/EditorMaterials/MatineeGroups/MAT_Groups_Event.uasset" 218
"../../../Engine/Content/EditorMaterials/MatineeGroups/MAT_Groups_Event.uexp" 219
"../../../Engine/Content/EditorMaterials/MatineeGroups/MAT_Groups_Fade.uasset" 220
"../../../Engine/Content/EditorMaterials/MatineeGroups/MAT_Groups_Fade.uexp" 221
"../../../Engine/Content/EditorMaterials/MatineeGroups/MAT_Groups_Float.uasset" 222
"../../../Engine/Content/EditorMaterials/MatineeGroups/MAT_Groups_Float.uexp" 223
"../../../Engine/Content/EditorMaterials/MatineeGroups/MAT_Groups_Move.uasset" 224
"../../../Engine/Content/EditorMaterials/MatineeGroups/MAT_Groups_Move.uexp" 225
"../../../Engine/Content/EditorMaterials/MatineeGroups/MAT_Groups_Slomo.uasset" 226
"../../../Engine/Content/EditorMaterials/MatineeGroups/MAT_Groups_Slomo.uexp" 227
"../../../Engine/Content/EditorMaterials/MatineeGroups/MAT_Groups_Sound.uasset" 228
"../../../Engine/Content/EditorMaterials/MatineeGroups/MAT_Groups_Sound.uexp" 229
"../../../Engine/Content/EditorMaterials/MatineeGroups/MAT_Groups_Vector.uasset" 230
"../../../Engine/Content/EditorMaterials/MatineeGroups/MAT_Groups_Vector.uexp" 231
"../../../Engine/Content/EditorMaterials/ParticleSystems/PSysThumbnail_NoImage.uasset" 232
"../../../Engine/Content/EditorMaterials/ParticleSystems/PSysThumbnail_NoImage.uexp" 233
"../../../Engine/Content/EditorMaterials/ParticleSystems/PSysThumbnail_NoImage.ubulk" 234
"../../../Engine/Content/EditorMaterials/ParticleSystems/PSysThumbnail_OOD.uasset" 235
"../../../Engine/Content/EditorMaterials/ParticleSystems/PSysThumbnail_OOD.uexp" 236
"../../../Engine/Content/EditorMaterials/ParticleSystems/PSysThumbnail_OOD.ubulk" 237
"../../../Engine/Content/EngineMaterials/Grid.uasset" 238
"../../../Engine/Content/EngineMaterials/Grid.uexp" 239
"../../../Engine/Content/EngineMaterials/Grid.ubulk" 240
"../../../Engine/Content/EditorMaterials/Thumbnails/FloorPlaneMaterial.uasset" 241
"../../../Engine/Content/EditorMaterials/Thumbnails/FloorPlaneMaterial.uexp" 242
"../../../Engine/Content/EditorMeshes/EditorCube.uasset" 243
"../../../Engine/Content/EditorMeshes/EditorCube.uexp" 244
"../../../Engine/Content/EditorMeshes/EditorCylinder.uasset" 245
"../../../Engine/Content/EditorMeshes/EditorCylinder.uexp" 246
"../../../Engine/Content/EditorMeshes/EditorPlane.uasset" 247
"../../../Engine/Content/EditorMeshes/EditorPlane.uexp" 248
"../../../Engine/Content/EditorMaterials/Thumbnails/SkySphereMaterial.uasset" 249
"../../../Engine/Content/EditorMaterials/Thumbnails/SkySphereMaterial.uexp" 250
"../../../Engine/Content/EditorMeshes/EditorSkySphere.uasset" 251
"../../../Engine/Content/EditorMeshes/EditorSkySphere.uexp" 252
"../../../Engine/Content/EditorMeshes/EditorSphere.uasset" 253
"../../../Engine/Content/EditorMeshes/EditorSphere.uexp" 254
"../../../Engine/Content/EditorResources/MatineeCam_D.uasset" 255
"../../../Engine/Content/EditorResources/MatineeCam_D.uexp" 256
"../../../Engine/Content/EditorMaterials/MatineeCam_mat.uasset" 257
"../../../Engine/Content/EditorMaterials/MatineeCam_mat.uexp" 258
"../../../Engine/Content/EditorMeshes/MatineeCam_SM.uasset" 259
"../../../Engine/Content/EditorMeshes/MatineeCam_SM.uexp" 260
"../../../Engine/Content/EditorMeshes/PlanarReflectionPlane.uasset" 261
"../../../Engine/Content/EditorMeshes/PlanarReflectionPlane.uexp" 262
"../../../Engine/Content/EngineDebugMaterials/M_SimpleOpaque.uasset" 263
"../../../Engine/Content/EngineDebugMaterials/M_SimpleOpaque.uexp" 264
"../../../Engine/Content/EditorMaterials/Camera/MI_CineMat_CamViewFinder.uasset" 265
"../../../Engine/Content/EditorMaterials/Camera/MI_CineMat_CamViewFinder.uexp" 266
"../../../Engine/Content/EditorMaterials/Camera/CineMat.uasset" 267
"../../../Engine/Content/EditorMaterials/Camera/CineMat.uexp" 268
"../../../Engine/Content/EditorMaterials/Camera/MI_CineMat_CameraBody.uasset" 269
"../../../Engine/Content/EditorMaterials/Camera/MI_CineMat_CameraBody.uexp" 270
"../../../Engine/Content/EditorMeshes/Camera/SM_CineCam.uasset" 271
"../../../Engine/Content/EditorMeshes/Camera/SM_CineCam.uexp" 272
"../../../Engine/Content/EditorMaterials/Camera/MI_CineMat_Rig.uasset" 273
"../../../Engine/Content/EditorMaterials/Camera/MI_CineMat_Rig.uexp" 274
"../../../Engine/Content/EditorMeshes/Camera/SM_CraneRig_Arm.uasset" 275
"../../../Engine/Content/EditorMeshes/Camera/SM_CraneRig_Arm.uexp" 276
"../../../Engine/Content/EditorMeshes/Camera/SM_CraneRig_Base.uasset" 277
"../../../Engine/Content/EditorMeshes/Camera/SM_CraneRig_Base.uexp" 278
"../../../Engine/Content/EditorMeshes/Camera/SM_CraneRig_Body.uasset" 279
"../../../Engine/Content/EditorMeshes/Camera/SM_CraneRig_Body.uexp" 280
"../../../Engine/Content/EditorMeshes/Camera/SM_CraneRig_Mount.uasset" 281
"../../../Engine/Content/EditorMeshes/Camera/SM_CraneRig_Mount.uexp" 282
"../../../Engine/Content/EditorMeshes/Camera/SM_RailRig_Mount.uasset" 283
"../../../Engine/Content/EditorMeshes/Camera/SM_RailRig_Mount.uexp" 284
"../../../Engine/Content/EditorMeshes/Camera/SM_RailRig_Track.uasset" 285
"../../../Engine/Content/EditorMeshes/Camera/SM_RailRig_Track.uexp" 286
"../../../Engine/Content/EditorMeshes/ColorCalibrator/M_ChromeBall.uasset" 287
"../../../Engine/Content/EditorMeshes/ColorCalibrator/M_ChromeBall.uexp" 288
"../../../Engine/Content/EditorResources/Bad.uasset" 289
"../../../Engine/Content/EditorResources/Bad.uexp" 290
"../../../Engine/Content/EditorResources/Bad.ubulk" 291
"../../../Engine/Content/EditorResources/BSPVertex.uasset" 292
"../../../Engine/Content/EditorResources/BSPVertex.uexp" 293
"../../../Engine/Content/EditorResources/EmptyActor.uasset" 294
"../../../Engine/Content/EditorResources/EmptyActor.uexp" 295
"../../../Engine/Content/EditorResources/MatInstActSprite.uasset" 296
"../../../Engine/Content/EditorResources/MatInstActSprite.uexp" 297
"../../../Engine/Content/EditorResources/MatInstActSprite.ubulk" 298
"../../../Engine/Content/EditorResources/SceneManager.uasset" 299
"../../../Engine/Content/EditorResources/SceneManager.uexp" 300
"../../../Engine/Content/EditorResources/SceneManager.ubulk" 301
"../../../Engine/Content/EditorResources/SmallFont.uasset" 302
"../../../Engine/Content/EditorResources/SmallFont.uexp" 303
"../../../Engine/Content/EditorResources/S_Actor.uasset" 304
"../../../Engine/Content/EditorResources/S_Actor.uexp" 305
"../../../Engine/Content/EditorResources/S_Actor.ubulk" 306
"../../../Engine/Content/EditorResources/S_CameraShakeSource.uasset" 307
"../../../Engine/Content/EditorResources/S_CameraShakeSource.uexp" 308
"../../../Engine/Content/EditorResources/S_DecalActorIcon.uasset" 309
"../../../Engine/Content/EditorResources/S_DecalActorIcon.uexp" 310
"../../../Engine/Content/EditorResources/S_DecalActorIcon.ubulk" 311
"../../../Engine/Content/EditorResources/S_Emitter.uasset" 312
"../../../Engine/Content/EditorResources/S_Emitter.uexp" 313
"../../../Engine/Content/EditorResources/S_Emitter.ubulk" 314
"../../../Engine/Content/EditorResources/S_ExpoHeightFog.uasset" 315
"../../../Engine/Content/EditorResources/S_ExpoHeightFog.uexp" 316
"../../../Engine/Content/EditorResources/S_ExpoHeightFog.ubulk" 317
"../../../Engine/Content/EditorResources/S_FTest.uasset" 318
"../../../Engine/Content/EditorResources/S_FTest.uexp" 319
"../../../Engine/Content/EditorResources/S_KBSJoint.uasset" 320
"../../../Engine/Content/EditorResources/S_KBSJoint.uexp" 321
"../../../Engine/Content/EditorResources/S_KBSJoint.ubulk" 322
"../../../Engine/Content/EditorResources/S_KHinge.uasset" 323
"../../../Engine/Content/EditorResources/S_KHinge.uexp" 324
"../../../Engine/Content/EditorResources/S_KHinge.ubulk" 325
"../../../Engine/Content/EditorResources/S_KPrismatic.uasset" 326
"../../../Engine/Content/EditorResources/S_KPrismatic.uexp" 327
"../../../Engine/Content/EditorResources/S_KPrismatic.ubulk" 328
"../../../Engine/Content/EditorResources/S_LevelSequence.uasset" 329
"../../../Engine/Content/EditorResources/S_LevelSequence.uexp" 330
"../../../Engine/Content/EditorResources/S_LevelSequence.ubulk" 331
"../../../Engine/Content/EditorResources/S_NavP.uasset" 332
"../../../Engine/Content/EditorResources/S_NavP.uexp" 333
"../../../Engine/Content/EditorResources/S_NavP.ubulk" 334
"../../../Engine/Content/EditorResources/S_Note.uasset" 335
"../../../Engine/Content/EditorResources/S_Note.uexp" 336
"../../../Engine/Content/EditorResources/S_Note.ubulk" 337
"../../../Engine/Content/EditorResources/S_Player.uasset" 338
"../../../Engine/Content/EditorResources/S_Player.uexp" 339
"../../../Engine/Content/EditorResources/S_Player.ubulk" 340
"../../../Engine/Content/EditorResources/S_PortalActorIcon2.uasset" 341
"../../../Engine/Content/EditorResources/S_PortalActorIcon2.uexp" 342
"../../../Engine/Content/EditorResources/S_PortalActorIcon2.ubulk" 343
"../../../Engine/Content/EditorResources/S_RadForce.uasset" 344
"../../../Engine/Content/EditorResources/S_RadForce.uexp" 345
"../../../Engine/Content/EditorResources/S_RadForce.ubulk" 346
"../../../Engine/Content/EditorResources/S_ReflActorIcon.uasset" 347
"../../../Engine/Content/EditorResources/S_ReflActorIcon.uexp" 348
"../../../Engine/Content/EditorResources/S_ReflActorIcon.ubulk" 349
"../../../Engine/Content/EditorResources/S_SkyAtmosphere.uasset" 350
"../../../Engine/Content/EditorResources/S_SkyAtmosphere.uexp" 351
"../../../Engine/Content/EditorResources/S_SkyAtmosphere.ubulk" 352
"../../../Engine/Content/EditorResources/S_Solver.uasset" 353
"../../../Engine/Content/EditorResources/S_Solver.uexp" 354
"../../../Engine/Content/EditorResources/S_Solver.ubulk" 355
"../../../Engine/Content/EditorResources/S_Terrain.uasset" 356
"../../../Engine/Content/EditorResources/S_Terrain.uexp" 357
"../../../Engine/Content/EditorResources/S_Terrain.ubulk" 358
"../../../Engine/Content/EditorResources/S_TextRenderActorIcon.uasset" 359
"../../../Engine/Content/EditorResources/S_TextRenderActorIcon.uexp" 360
"../../../Engine/Content/EditorResources/S_TextRenderActorIcon.ubulk" 361
"../../../Engine/Content/EditorResources/S_Thruster.uasset" 362
"../../../Engine/Content/EditorResources/S_Thruster.uexp" 363
"../../../Engine/Content/EditorResources/S_Thruster.ubulk" 364
"../../../Engine/Content/EditorResources/S_Trigger.uasset" 365
"../../../Engine/Content/EditorResources/S_Trigger.uexp" 366
"../../../Engine/Content/EditorResources/S_Trigger.ubulk" 367
"../../../Engine/Content/EditorResources/S_VectorFieldVol.uasset" 368
"../../../Engine/Content/EditorResources/S_VectorFieldVol.uexp" 369
"../../../Engine/Content/EditorResources/S_VectorFieldVol.ubulk" 370
"../../../Engine/Content/EditorResources/S_VolumetricCloud.uasset" 371
"../../../Engine/Content/EditorResources/S_VolumetricCloud.uexp" 372
"../../../Engine/Content/EditorResources/S_VolumetricCloud.ubulk" 373
"../../../Engine/Content/EditorResources/S_WindDirectional.uasset" 374
"../../../Engine/Content/EditorResources/S_WindDirectional.uexp" 375
"../../../Engine/Content/EditorResources/S_WindDirectional.ubulk" 376
"../../../Engine/Content/EditorResources/AI/S_NavLink.uasset" 377
"../../../Engine/Content/EditorResources/AI/S_NavLink.uexp" 378
"../../../Engine/Content/EditorResources/AudioIcons/S_AudioComponent_AutoActivate.uasset" 379
"../../../Engine/Content/EditorResources/AudioIcons/S_AudioComponent_AutoActivate.uexp" 380
"../../../Engine/Content/EditorResources/AudioIcons/S_AudioComponent_AutoActivate.ubulk" 381
"../../../Engine/Content/EditorResources/LightIcons/SkyLight.uasset" 382
"../../../Engine/Content/EditorResources/LightIcons/SkyLight.uexp" 383
"../../../Engine/Content/EditorResources/LightIcons/S_LightDirectional.uasset" 384
"../../../Engine/Content/EditorResources/LightIcons/S_LightDirectional.uexp" 385
"../../../Engine/Content/EditorResources/LightIcons/S_LightDirectionalMove.uasset" 386
"../../../Engine/Content/EditorResources/LightIcons/S_LightDirectionalMove.uexp" 387
"../../../Engine/Content/EditorResources/LightIcons/S_LightError.uasset" 388
"../../../Engine/Content/EditorResources/LightIcons/S_LightError.uexp" 389
"../../../Engine/Content/EditorResources/LightIcons/S_LightPoint.uasset" 390
"../../../Engine/Content/EditorResources/LightIcons/S_LightPoint.uexp" 391
"../../../Engine/Content/EditorResources/LightIcons/S_LightPointMove.uasset" 392
"../../../Engine/Content/EditorResources/LightIcons/S_LightPointMove.uexp" 393
"../../../Engine/Content/EditorResources/LightIcons/S_LightSpot.uasset" 394
"../../../Engine/Content/EditorResources/LightIcons/S_LightSpot.uexp" 395
"../../../Engine/Content/EditorResources/LightIcons/S_LightSpotMove.uasset" 396
"../../../Engine/Content/EditorResources/LightIcons/S_LightSpotMove.uexp" 397
"../../../Engine/Content/EditorResources/SequenceRecorder/Countdown.uasset" 398
"../../../Engine/Content/EditorResources/SequenceRecorder/Countdown.uexp" 399
"../../../Engine/Content/EditorResources/SequenceRecorder/RecordingIndicator.uasset" 400
"../../../Engine/Content/EditorResources/SequenceRecorder/RecordingIndicator.uexp" 401
"../../../Engine/Content/EditorResources/Spline/T_Loft_Spline.uasset" 402
"../../../Engine/Content/EditorResources/Spline/T_Loft_Spline.uexp" 403
"../../../Engine/Content/EditorSounds/Notifications/CompileFailed.uasset" 404
"../../../Engine/Content/EditorSounds/Notifications/CompileFailed.uexp" 405
"../../../Engine/Content/EditorSounds/Notifications/CompileFailed_Cue.uasset" 406
"../../../Engine/Content/EditorSounds/Notifications/CompileFailed_Cue.uexp" 407
"../../../Engine/Content/EditorSounds/Notifications/CompileSuccess.uasset" 408
"../../../Engine/Content/EditorSounds/Notifications/CompileSuccess.uexp" 409
"../../../Engine/Content/EditorSounds/Notifications/CompileStart_Cue.uasset" 410
"../../../Engine/Content/EditorSounds/Notifications/CompileStart_Cue.uexp" 411
"../../../Engine/Content/EditorSounds/Notifications/CompileSuccess_Cue.uasset" 412
"../../../Engine/Content/EditorSounds/Notifications/CompileSuccess_Cue.uexp" 413
"../../../Engine/Content/EngineDamageTypes/DmgTypeBP_Environmental.uasset" 414
"../../../Engine/Content/EngineDamageTypes/DmgTypeBP_Environmental.uexp" 415
"../../../Engine/Content/EngineDebugMaterials/HeatmapGradient.uasset" 416
"../../../Engine/Content/EngineDebugMaterials/HeatmapGradient.uexp" 417
"../../../Engine/Content/EngineDebugMaterials/HeatmapGradient.ubulk" 418
"../../../Engine/Content/EngineDebugMaterials/BoneWeightMaterial.uasset" 419
"../../../Engine/Content/EngineDebugMaterials/BoneWeightMaterial.uexp" 420
"../../../Engine/Content/EngineDebugMaterials/ClothMaterial.uasset" 421
"../../../Engine/Content/EngineDebugMaterials/ClothMaterial.uexp" 422
"../../../Engine/Content/EngineDebugMaterials/ClothMaterial_WF.uasset" 423
"../../../Engine/Content/EngineDebugMaterials/ClothMaterial_WF.uexp" 424
"../../../Engine/Content/EngineDebugMaterials/DebugEditorMaterial.uasset" 425
"../../../Engine/Content/EngineDebugMaterials/DebugEditorMaterial.uexp" 426
"../../../Engine/Content/EngineDebugMaterials/DebugMeshMaterial.uasset" 427
"../../../Engine/Content/EngineDebugMaterials/DebugMeshMaterial.uexp" 428
"../../../Engine/Content/EngineDebugMaterials/GeomMaterial.uasset" 429
"../../../Engine/Content/EngineDebugMaterials/GeomMaterial.uexp" 430
"../../../Engine/Content/Functions/Engine_MaterialFunctions01/Shading/ConvertFromDiffSpec.uasset" 431
"../../../Engine/Content/Functions/Engine_MaterialFunctions01/Shading/ConvertFromDiffSpec.uexp" 432
"../../../Engine/Content/EngineDebugMaterials/LevelColorationLitMaterial.uasset" 433
"../../../Engine/Content/EngineDebugMaterials/LevelColorationLitMaterial.uexp" 434
"../../../Engine/Content/EngineDebugMaterials/LevelColorationUnlitMaterial.uasset" 435
"../../../Engine/Content/EngineDebugMaterials/LevelColorationUnlitMaterial.uexp" 436
"../../../Engine/Content/EngineMaterials/DefaultWhiteGrid.uasset" 437
"../../../Engine/Content/EngineMaterials/DefaultWhiteGrid.uexp" 438
"../../../Engine/Content/EngineMaterials/DefaultWhiteGrid.ubulk" 439
"../../../Engine/Content/EngineDebugMaterials/MAT_LevelColorationLitLightmapUV.uasset" 440
"../../../Engine/Content/EngineDebugMaterials/MAT_LevelColorationLitLightmapUV.uexp" 441
"../../../Engine/Content/EngineDebugMaterials/M_SimpleUnlitTranslucent.uasset" 442
"../../../Engine/Content/EngineDebugMaterials/M_SimpleUnlitTranslucent.uexp" 443
"../../../Engine/Content/EngineDebugMaterials/VolumeToRender.uasset" 444
"../../../Engine/Content/EngineDebugMaterials/VolumeToRender.uexp" 445
"../../../Engine/Content/Functions/Engine_MaterialFunctions02/Utility/CameraDirectionVector.uasset" 446
"../../../Engine/Content/Functions/Engine_MaterialFunctions02/Utility/CameraDirectionVector.uexp" 447
"../../../Engine/Content/EngineDebugMaterials/M_VolumeRenderSphereTracePP.uasset" 448
"../../../Engine/Content/EngineDebugMaterials/M_VolumeRenderSphereTracePP.uexp" 449
"../../../Engine/Content/EngineMaterials/DefaultWhiteGrid_Low.uasset" 450
"../../../Engine/Content/EngineMaterials/DefaultWhiteGrid_Low.uexp" 451
"../../../Engine/Content/EngineDebugMaterials/PhysicalMaterialMaskMaterial.uasset" 452
"../../../Engine/Content/EngineDebugMaterials/PhysicalMaterialMaskMaterial.uexp" 453
"../../../Engine/Content/EngineDebugMaterials/ShadedLevelColorationLitMaterial.uasset" 454
"../../../Engine/Content/EngineDebugMaterials/ShadedLevelColorationLitMaterial.uexp" 455
"../../../Engine/Content/EngineDebugMaterials/ShadedLevelColorationUnlitMateri.uasset" 456
"../../../Engine/Content/EngineDebugMaterials/ShadedLevelColorationUnlitMateri.uexp" 457
"../../../Engine/Content/EngineDebugMaterials/VertexColorMaterial.uasset" 458
"../../../Engine/Content/EngineDebugMaterials/VertexColorMaterial.uexp" 459
"../../../Engine/Content/EngineDebugMaterials/VertexColorViewMode_AlphaAsColor.uasset" 460
"../../../Engine/Content/EngineDebugMaterials/VertexColorViewMode_AlphaAsColor.uexp" 461
"../../../Engine/Content/EngineDebugMaterials/VertexColorViewMode_BlueOnly.uasset" 462
"../../../Engine/Content/EngineDebugMaterials/VertexColorViewMode_BlueOnly.uexp" 463
"../../../Engine/Content/EngineDebugMaterials/VertexColorViewMode_ColorOnly.uasset" 464
"../../../Engine/Content/EngineDebugMaterials/VertexColorViewMode_ColorOnly.uexp" 465
"../../../Engine/Content/EngineDebugMaterials/VertexColorViewMode_GreenOnly.uasset" 466
"../../../Engine/Content/EngineDebugMaterials/VertexColorViewMode_GreenOnly.uexp" 467
"../../../Engine/Content/EngineDebugMaterials/VertexColorViewMode_RedOnly.uasset" 468
"../../../Engine/Content/EngineDebugMaterials/VertexColorViewMode_RedOnly.uexp" 469
"../../../Engine/Content/EngineDebugMaterials/WireframeMaterial.uasset" 470
"../../../Engine/Content/EngineDebugMaterials/WireframeMaterial.uexp" 471
"../../../Engine/Content/EngineFonts/Faces/RobotoRegular.uasset" 472
"../../../Engine/Content/EngineFonts/Faces/RobotoRegular.uexp" 473
"../../../Engine/Content/EngineFonts/Faces/RobotoRegular.ufont" 474
"../../../Engine/Content/EngineFonts/Faces/RobotoLight.uasset" 475
"../../../Engine/Content/EngineFonts/Faces/RobotoLight.uexp" 476
"../../../Engine/Content/EngineFonts/Faces/RobotoLight.ufont" 477
"../../../Engine/Content/EngineFonts/Faces/RobotoItalic.uasset" 478
"../../../Engine/Content/EngineFonts/Faces/RobotoItalic.uexp" 479
"../../../Engine/Content/EngineFonts/Faces/RobotoItalic.ufont" 480
"../../../Engine/Content/EngineFonts/Faces/RobotoBoldItalic.uasset" 481
"../../../Engine/Content/EngineFonts/Faces/RobotoBoldItalic.uexp" 482
"../../../Engine/Content/EngineFonts/Faces/RobotoBoldItalic.ufont" 483
"../../../Engine/Content/EngineFonts/Faces/RobotoBold.uasset" 484
"../../../Engine/Content/EngineFonts/Faces/RobotoBold.uexp" 485
"../../../Engine/Content/EngineFonts/Faces/RobotoBold.ufont" 486
"../../../Engine/Content/EngineFonts/Faces/DroidSansFallback.uasset" 487
"../../../Engine/Content/EngineFonts/Faces/DroidSansFallback.uexp" 488
"../../../Engine/Content/EngineFonts/Faces/DroidSansFallback.ufont" 489
"../../../Engine/Content/EngineFonts/Roboto.uasset" 490
"../../../Engine/Content/EngineFonts/Roboto.uexp" 491
"../../../Engine/Content/EngineFonts/Faces/RobotoTiny.uasset" 492
"../../../Engine/Content/EngineFonts/Faces/RobotoTiny.uexp" 493
"../../../Engine/Content/EngineFonts/Faces/RobotoTiny.ufont" 494
"../../../Engine/Content/EngineFonts/RobotoTiny.uasset" 495
"../../../Engine/Content/EngineFonts/RobotoTiny.uexp" 496
"../../../Engine/Content/EngineFonts/SmallFont.uasset" 497
"../../../Engine/Content/EngineFonts/SmallFont.uexp" 498
"../../../Engine/Content/EngineFonts/TinyFont.uasset" 499
"../../../Engine/Content/EngineFonts/TinyFont.uexp" 500
"../../../Engine/Content/EngineMaterials/BaseFlattenNormalMap.uasset" 501
"../../../Engine/Content/EngineMaterials/BaseFlattenNormalMap.uexp" 502
"../../../Engine/Content/EngineMaterials/BaseFlattenGrayscaleMap.uasset" 503
"../../../Engine/Content/EngineMaterials/BaseFlattenGrayscaleMap.uexp" 504
"../../../Engine/Content/EngineMaterials/BaseFlattenEmissiveMap.uasset" 505
"../../../Engine/Content/EngineMaterials/BaseFlattenEmissiveMap.uexp" 506
"../../../Engine/Content/EngineMaterials/BaseFlattenDiffuseMap.uasset" 507
"../../../Engine/Content/EngineMaterials/BaseFlattenDiffuseMap.uexp" 508
"../../../Engine/Content/EngineMaterials/BaseFlattenMaterial.uasset" 509
"../../../Engine/Content/EngineMaterials/BaseFlattenMaterial.uexp" 510
"../../../Engine/Content/EngineResources/WhiteSquareTexture.uasset" 511
"../../../Engine/Content/EngineResources/WhiteSquareTexture.uexp" 512
"../../../Engine/Content/EngineMaterials/BlinkingCaret.uasset" 513
"../../../Engine/Content/EngineMaterials/BlinkingCaret.uexp" 514
"../../../Engine/Content/EngineMaterials/BlueNoise.uasset" 515
"../../../Engine/Content/EngineMaterials/BlueNoise.uexp" 516
"../../../Engine/Content/EngineMaterials/DefaultBloomKernel.uasset" 517
"../../../Engine/Content/EngineMaterials/DefaultBloomKernel.uexp" 518
"../../../Engine/Content/EngineMaterials/DefaultBokeh.uasset" 519
"../../../Engine/Content/EngineMaterials/DefaultBokeh.uexp" 520
"../../../Engine/Content/EngineMaterials/DefaultDeferredDecalMaterial.uasset" 521
"../../../Engine/Content/EngineMaterials/DefaultDeferredDecalMaterial.uexp" 522
"../../../Engine/Content/EngineMaterials/DefaultLightFunctionMaterial.uasset" 523
"../../../Engine/Content/EngineMaterials/DefaultLightFunctionMaterial.uexp" 524
"../../../Engine/Content/EngineMaterials/DefaultNormal.uasset" 525
"../../../Engine/Content/EngineMaterials/DefaultNormal.uexp" 526
"../../../Engine/Content/EngineMaterials/DefaultNormal.ubulk" 527
"../../../Engine/Content/EngineMaterials/DefaultPostProcessMaterial.uasset" 528
"../../../Engine/Content/EngineMaterials/DefaultPostProcessMaterial.uexp" 529
"../../../Engine/Content/EngineFonts/RobotoDistanceField.uasset" 530
"../../../Engine/Content/EngineFonts/RobotoDistanceField.uexp" 531
"../../../Engine/Content/EngineMaterials/DefaultTextMaterialOpaque.uasset" 532
"../../../Engine/Content/EngineMaterials/DefaultTextMaterialOpaque.uexp" 533
"../../../Engine/Content/EngineMaterials/EditorBrushMaterial.uasset" 534
"../../../Engine/Content/EngineMaterials/EditorBrushMaterial.uexp" 535
"../../../Engine/Content/EngineMaterials/EmissiveMeshMaterial.uasset" 536
"../../../Engine/Content/EngineMaterials/EmissiveMeshMaterial.uexp" 537
"../../../Engine/Content/EngineMaterials/GizmoMaterial.uasset" 538
"../../../Engine/Content/EngineMaterials/GizmoMaterial.uexp" 539
"../../../Engine/Content/EngineMaterials/Good64x64TilingNoiseHighFreq.uasset" 540
"../../../Engine/Content/EngineMaterials/Good64x64TilingNoiseHighFreq.uexp" 541
"../../../Engine/Content/EngineMaterials/Grid_N.uasset" 542
"../../../Engine/Content/EngineMaterials/Grid_N.uexp" 543
"../../../Engine/Content/EngineMaterials/Grid_N.ubulk" 544
"../../../Engine/Content/EngineMaterials/HighResolutionScreenshotMaskFunction.uasset" 545
"../../../Engine/Content/EngineMaterials/HighResolutionScreenshotMaskFunction.uexp" 546
"../../../Engine/Content/EngineMaterials/HighResScreenshot.uasset" 547
"../../../Engine/Content/EngineMaterials/HighResScreenshot.uexp" 548
"../../../Engine/Content/EngineMaterials/HighResScreenshotCaptureRegion.uasset" 549
"../../../Engine/Content/EngineMaterials/HighResScreenshotCaptureRegion.uexp" 550
"../../../Engine/Content/EngineMaterials/HighResScreenshotMask.uasset" 551
"../../../Engine/Content/EngineMaterials/HighResScreenshotMask.uexp" 552
"../../../Engine/Content/EngineMaterials/LandscapeHolePhysicalMaterial.uasset" 553
"../../../Engine/Content/EngineMaterials/LandscapeHolePhysicalMaterial.uexp" 554
"../../../Engine/Content/EngineMaterials/InvalidLightmapSettings.uasset" 555
"../../../Engine/Content/EngineMaterials/InvalidLightmapSettings.uexp" 556
"../../../Engine/Content/EngineMaterials/InvalidLightmapSettings.ubulk" 557
"../../../Engine/Content/EngineMaterials/M_InvalidLightmapSettings.uasset" 558
"../../../Engine/Content/EngineMaterials/M_InvalidLightmapSettings.uexp" 559
"../../../Engine/Content/EngineMaterials/PaperDiffuse.uasset" 560
"../../../Engine/Content/EngineMaterials/PaperDiffuse.uexp" 561
"../../../Engine/Content/EngineMaterials/PaperNormal.uasset" 562
"../../../Engine/Content/EngineMaterials/PaperNormal.uexp" 563
"../../../Engine/Content/Functions/Engine_MaterialFunctions02/WorldPositionOffset/CameraOffset.uasset" 564
"../../../Engine/Content/Functions/Engine_MaterialFunctions02/WorldPositionOffset/CameraOffset.uexp" 565
"../../../Engine/Content/EngineMaterials/PhAT_JointLimitMaterial.uasset" 566
"../../../Engine/Content/EngineMaterials/PhAT_JointLimitMaterial.uexp" 567
"../../../Engine/Content/EngineMaterials/PhysMat_Rubber.uasset" 568
"../../../Engine/Content/EngineMaterials/PhysMat_Rubber.uexp" 569
"../../../Engine/Content/EngineMaterials/DefaultCalibrationColor.uasset" 570
"../../../Engine/Content/EngineMaterials/DefaultCalibrationColor.uexp" 571
"../../../Engine/Content/EngineMaterials/PPM_DefaultCalibrationColor.uasset" 572
"../../../Engine/Content/EngineMaterials/PPM_DefaultCalibrationColor.uexp" 573
"../../../Engine/Content/EngineMaterials/DefaultCalibrationGrayscale.uasset" 574
"../../../Engine/Content/EngineMaterials/DefaultCalibrationGrayscale.uexp" 575
"../../../Engine/Content/EngineMaterials/PPM_DefaultCalibrationGrayscale.uasset" 576
"../../../Engine/Content/EngineMaterials/PPM_DefaultCalibrationGrayscale.uexp" 577
"../../../Engine/Content/EngineMaterials/PreintegratedSkinBRDF.uasset" 578
"../../../Engine/Content/EngineMaterials/PreintegratedSkinBRDF.uexp" 579
"../../../Engine/Content/EngineMaterials/RemoveSurfaceMaterial.uasset" 580
"../../../Engine/Content/EngineMaterials/RemoveSurfaceMaterial.uexp" 581
"../../../Engine/Content/EngineMaterials/WeightMapPlaceholderTexture.uasset" 582
"../../../Engine/Content/EngineMaterials/WeightMapPlaceholderTexture.uexp" 583
"../../../Engine/Content/Functions/Engine_MaterialFunctions01/ImageAdjustment/sRGBToLinear.uasset" 584
"../../../Engine/Content/Functions/Engine_MaterialFunctions01/ImageAdjustment/sRGBToLinear.uexp" 585
"../../../Engine/Content/Functions/Engine_MaterialFunctions02/Utility/BreakOutFloat3Components.uasset" 586
"../../../Engine/Content/Functions/Engine_MaterialFunctions02/Utility/BreakOutFloat3Components.uexp" 587
"../../../Engine/Content/EngineMaterials/Widget3DCameraPassThrough_Opaque_OneSided.uasset" 588
"../../../Engine/Content/EngineMaterials/Widget3DCameraPassThrough_Opaque_OneSided.uexp" 589
"../../../Engine/Content/EngineMaterials/Widget3DPassThrough.uasset" 590
"../../../Engine/Content/EngineMaterials/Widget3DPassThrough.uexp" 591
"../../../Engine/Content/EngineMaterials/Widget3DPassThrough_Masked.uasset" 592
"../../../Engine/Content/EngineMaterials/Widget3DPassThrough_Masked.uexp" 593
"../../../Engine/Content/EngineMaterials/Widget3DPassThrough_Opaque.uasset" 594
"../../../Engine/Content/EngineMaterials/Widget3DPassThrough_Opaque.uexp" 595
"../../../Engine/Content/EngineMaterials/Widget3DPassThrough_Masked_OneSided.uasset" 596
"../../../Engine/Content/EngineMaterials/Widget3DPassThrough_Masked_OneSided.uexp" 597
"../../../Engine/Content/EngineMaterials/Widget3DPassThrough_Opaque_OneSided.uasset" 598
"../../../Engine/Content/EngineMaterials/Widget3DPassThrough_Opaque_OneSided.uexp" 599
"../../../Engine/Content/EngineMaterials/Widget3DPassThrough_Translucent.uasset" 600
"../../../Engine/Content/EngineMaterials/Widget3DPassThrough_Translucent.uexp" 601
"../../../Engine/Content/EngineMaterials/Widget3DPassThrough_Translucent_OneSided.uasset" 602
"../../../Engine/Content/EngineMaterials/Widget3DPassThrough_Translucent_OneSided.uexp" 603
"../../../Engine/Content/EngineMeshes/Cylinder.uasset" 604
"../../../Engine/Content/EngineMeshes/Cylinder.uexp" 605
"../../../Engine/Content/EngineMeshes/Sphere.uasset" 606
"../../../Engine/Content/EngineMeshes/Sphere.uexp" 607
"../../../Engine/Content/EngineResources/DefaultTexture.uasset" 608
"../../../Engine/Content/EngineResources/DefaultTexture.uexp" 609
"../../../Engine/Content/EngineResources/DefaultTexture.ubulk" 610
"../../../Engine/Content/EngineResources/DefaultTextureCube.uasset" 611
"../../../Engine/Content/EngineResources/DefaultTextureCube.uexp" 612
"../../../Engine/Content/EngineResources/DefaultVolumeTexture2D.uasset" 613
"../../../Engine/Content/EngineResources/DefaultVolumeTexture2D.uexp" 614
"../../../Engine/Content/EngineResources/DefaultVolumeTexture.uasset" 615
"../../../Engine/Content/EngineResources/DefaultVolumeTexture.uexp" 616
"../../../Engine/Content/EngineResources/GradientTexture0.uasset" 617
"../../../Engine/Content/EngineResources/GradientTexture0.uexp" 618
"../../../Engine/Content/EngineResources/StreamingPauseIcon.uasset" 619
"../../../Engine/Content/EngineResources/StreamingPauseIcon.uexp" 620
"../../../Engine/Content/EngineResources/M_StreamingPause.uasset" 621
"../../../Engine/Content/EngineResources/M_StreamingPause.uexp" 622
"../../../Engine/Content/EngineSky/T_Sky_Stars.uasset" 623
"../../../Engine/Content/EngineSky/T_Sky_Stars.uexp" 624
"../../../Engine/Content/EngineSky/T_Sky_Stars.ubulk" 625
"../../../Engine/Content/EngineSky/T_Sky_Clouds_M.uasset" 626
"../../../Engine/Content/EngineSky/T_Sky_Clouds_M.uexp" 627
"../../../Engine/Content/EngineSky/T_Sky_Clouds_M.ubulk" 628
"../../../Engine/Content/EngineSky/T_Sky_Blue.uasset" 629
"../../../Engine/Content/EngineSky/T_Sky_Blue.uexp" 630
"../../../Engine/Content/EngineSky/T_Sky_Blue.ubulk" 631
"../../../Engine/Content/EngineSky/M_Sky_Panning_Clouds2.uasset" 632
"../../../Engine/Content/EngineSky/M_Sky_Panning_Clouds2.uexp" 633
"../../../Engine/Content/EngineSky/SM_SkySphere.uasset" 634
"../../../Engine/Content/EngineSky/SM_SkySphere.uexp" 635
"../../../Engine/Content/EngineSky/C_Sky_Zenith_Color.uasset" 636
"../../../Engine/Content/EngineSky/C_Sky_Zenith_Color.uexp" 637
"../../../Engine/Content/EngineSky/C_Sky_Horizon_Color.uasset" 638
"../../../Engine/Content/EngineSky/C_Sky_Horizon_Color.uexp" 639
"../../../Engine/Content/EngineSky/C_Sky_Cloud_Color.uasset" 640
"../../../Engine/Content/EngineSky/C_Sky_Cloud_Color.uexp" 641
"../../../Engine/Content/EditorBlueprintResources/StandardMacros.uasset" 642
"../../../Engine/Content/EditorBlueprintResources/StandardMacros.uexp" 643
"../../../Engine/Content/EngineSky/BP_Sky_Sphere.uasset" 644
"../../../Engine/Content/EngineSky/BP_Sky_Sphere.uexp" 645
"../../../Engine/Content/EngineSky/VolumetricClouds/T_NoiseShape64.uasset" 646
"../../../Engine/Content/EngineSky/VolumetricClouds/T_NoiseShape64.uexp" 647
"../../../Engine/Content/EngineSky/VolumetricClouds/T_NoiseShape64.ubulk" 648
"../../../Engine/Content/EngineSky/VolumetricClouds/T_VolumeNoiseShape64.uasset" 649
"../../../Engine/Content/EngineSky/VolumetricClouds/T_VolumeNoiseShape64.uexp" 650
"../../../Engine/Content/EngineSky/VolumetricClouds/T_NoiseErosion.uasset" 651
"../../../Engine/Content/EngineSky/VolumetricClouds/T_NoiseErosion.uexp" 652
"../../../Engine/Content/EngineSky/VolumetricClouds/T_NoiseErosion.ubulk" 653
"../../../Engine/Content/EngineSky/VolumetricClouds/T_VolumeNoiseErosion32.uasset" 654
"../../../Engine/Content/EngineSky/VolumetricClouds/T_VolumeNoiseErosion32.uexp" 655
"../../../Engine/Content/EngineSky/VolumetricClouds/CloudWeatherTexture.uasset" 656
"../../../Engine/Content/EngineSky/VolumetricClouds/CloudWeatherTexture.uexp" 657
"../../../Engine/Content/EngineSky/VolumetricClouds/CloudGradientTexture.uasset" 658
"../../../Engine/Content/EngineSky/VolumetricClouds/CloudGradientTexture.uexp" 659
"../../../Engine/Content/EngineSky/VolumetricClouds/m_SimpleVolumetricCloud.uasset" 660
"../../../Engine/Content/EngineSky/VolumetricClouds/m_SimpleVolumetricCloud.uexp" 661
"../../../Engine/Content/EngineSky/VolumetricClouds/m_SimpleVolumetricCloud_Inst.uasset" 662
"../../../Engine/Content/EngineSky/VolumetricClouds/m_SimpleVolumetricCloud_Inst.uexp" 663
"../../../Engine/Content/EngineSounds/Master.uasset" 664
"../../../Engine/Content/EngineSounds/Master.uexp" 665
"../../../Engine/Content/Functions/Engine_MaterialFunctions01/Shading/PowerToRoughness.uasset" 666
"../../../Engine/Content/Functions/Engine_MaterialFunctions01/Shading/PowerToRoughness.uexp" 667
"../../../Engine/Content/Maps/Templates/Thumbnails/Default.uasset" 668
"../../../Engine/Content/Maps/Templates/Thumbnails/Default.uexp" 669
"../../../Engine/Content/Maps/Templates/Thumbnails/TimeOfDay.uasset" 670
"../../../Engine/Content/Maps/Templates/Thumbnails/TimeOfDay.uexp" 671
"../../../Engine/Content/Maps/Templates/Thumbnails/VR-Basic.uasset" 672
"../../../Engine/Content/Maps/Templates/Thumbnails/VR-Basic.uexp" 673
"../../../Engine/Content/MapTemplates/Sky/DaylightAmbientCubemap.uasset" 674
"../../../Engine/Content/MapTemplates/Sky/DaylightAmbientCubemap.uexp" 675
"../../../Engine/Content/MobileResources/T_MobileControls_texture.uasset" 676
"../../../Engine/Content/MobileResources/T_MobileControls_texture.uexp" 677
"../../../Engine/Content/MobileResources/T_MobileMenu2.uasset" 678
"../../../Engine/Content/MobileResources/T_MobileMenu2.uexp" 679
"../../../Engine/Content/MobileResources/HUD/AnalogHat.uasset" 680
"../../../Engine/Content/MobileResources/HUD/AnalogHat.uexp" 681
"../../../Engine/Content/MobileResources/HUD/VirtualJoystick_Thumb.uasset" 682
"../../../Engine/Content/MobileResources/HUD/VirtualJoystick_Thumb.uexp" 683
"../../../Engine/Content/MobileResources/HUD/VirtualJoystick_Background.uasset" 684
"../../../Engine/Content/MobileResources/HUD/VirtualJoystick_Background.uexp" 685
"../../../Engine/Content/MobileResources/HUD/DefaultVirtualJoysticks.uasset" 686
"../../../Engine/Content/MobileResources/HUD/DefaultVirtualJoysticks.uexp" 687
"../../../Engine/Content/MobileResources/HUD/LeftVirtualJoystickOnly.uasset" 688
"../../../Engine/Content/MobileResources/HUD/LeftVirtualJoystickOnly.uexp" 689
"../../../Engine/Content/MobileResources/HUD/MobileHUDButton1_off.uasset" 690
"../../../Engine/Content/MobileResources/HUD/MobileHUDButton1_off.uexp" 691
"../../../Engine/Content/MobileResources/HUD/MobileHUDButton1_on.uasset" 692
"../../../Engine/Content/MobileResources/HUD/MobileHUDButton1_on.uexp" 693
"../../../Engine/Content/MobileResources/HUD/MobileHUDButton2_off.uasset" 694
"../../../Engine/Content/MobileResources/HUD/MobileHUDButton2_off.uexp" 695
"../../../Engine/Content/MobileResources/HUD/MobileHUDButton2_on.uasset" 696
"../../../Engine/Content/MobileResources/HUD/MobileHUDButton2_on.uexp" 697
"../../../Engine/Content/MobileResources/HUD/MobileHUDButton3.uasset" 698
"../../../Engine/Content/MobileResources/HUD/MobileHUDButton3.uexp" 699
"../../../Engine/Content/MobileResources/HUD/MobileHUDButtonFire.uasset" 700
"../../../Engine/Content/MobileResources/HUD/MobileHUDButtonFire.uexp" 701
"../../../Engine/Content/MobileResources/HUD/MobileHUDDirectionPad.uasset" 702
"../../../Engine/Content/MobileResources/HUD/MobileHUDDirectionPad.uexp" 703
"../../../Engine/Content/MobileResources/HUD/MobileHUDDirectionPad2.uasset" 704
"../../../Engine/Content/MobileResources/HUD/MobileHUDDirectionPad2.uexp" 705
"../../../Engine/Content/MobileResources/HUD/MobileHUDDirectionPad3.uasset" 706
"../../../Engine/Content/MobileResources/HUD/MobileHUDDirectionPad3.uexp" 707
"../../../Engine/Content/MobileResources/HUD/MobileHUDDirectionStick.uasset" 708
"../../../Engine/Content/MobileResources/HUD/MobileHUDDirectionStick.uexp" 709
"../../../Engine/Content/MobileResources/HUD/T_Castle_ThumbstickInner.uasset" 710
"../../../Engine/Content/MobileResources/HUD/T_Castle_ThumbstickInner.uexp" 711
"../../../Engine/Content/MobileResources/HUD/T_Castle_ThumbstickOutter.uasset" 712
"../../../Engine/Content/MobileResources/HUD/T_Castle_ThumbstickOutter.uexp" 713
"../../../Engine/Content/Tutorial/ContentIntroCurve.uasset" 714
"../../../Engine/Content/Tutorial/ContentIntroCurve.uexp" 715
"../../../Engine/Content/Tutorial/Basics/TutorialAssets/icon_tab_Levels_40x.uasset" 716
"../../../Engine/Content/Tutorial/Basics/TutorialAssets/icon_tab_Levels_40x.uexp" 717
"../../../Engine/Content/VREditor/TransformGizmo/TranslucentTransformGizmoMaterial.uasset" 718
"../../../Engine/Content/VREditor/TransformGizmo/TranslucentTransformGizmoMaterial.uexp" 719
"../../../Engine/Content/VREditor/LaserPointer/VR_LaserPower_01.uasset" 720
"../../../Engine/Content/VREditor/LaserPointer/VR_LaserPower_01.uexp" 721
"../../../Engine/Content/VREditor/LaserPointer/VR_LaserPower_01.ubulk" 722
"../../../Engine/Content/VREditor/TransformGizmo/TransformGizmoMaterial.uasset" 723
"../../../Engine/Content/VREditor/TransformGizmo/TransformGizmoMaterial.uexp" 724
"../../../Engine/Content/VREditor/TransformGizmo/BoundingBoxCorner.uasset" 725
"../../../Engine/Content/VREditor/TransformGizmo/BoundingBoxCorner.uexp" 726
"../../../Engine/Content/VREditor/TransformGizmo/BoundingBoxEdge.uasset" 727
"../../../Engine/Content/VREditor/TransformGizmo/BoundingBoxEdge.uexp" 728
"../../../Engine/Content/VREditor/TransformGizmo/PlaneTranslationHandle.uasset" 729
"../../../Engine/Content/VREditor/TransformGizmo/PlaneTranslationHandle.uexp" 730
"../../../Engine/Content/VREditor/TransformGizmo/Xray.uasset" 731
"../../../Engine/Content/VREditor/TransformGizmo/Xray.uexp" 732
"../../../Engine/Content/VREditor/TransformGizmo/Main.uasset" 733
"../../../Engine/Content/VREditor/TransformGizmo/Main.uexp" 734
"../../../Engine/Content/VREditor/TransformGizmo/SM_Sequencer_Key.uasset" 735
"../../../Engine/Content/VREditor/TransformGizmo/SM_Sequencer_Key.uexp" 736
"../../../Engine/Content/VREditor/TransformGizmo/SM_Sequencer_Node.uasset" 737
"../../../Engine/Content/VREditor/TransformGizmo/SM_Sequencer_Node.uexp" 738
"C:/Deskop/For University/game UE/firstOne/Content/Geometry/Meshes/CubeMaterial.uasset" 739
"C:/Deskop/For University/game UE/firstOne/Content/Geometry/Meshes/CubeMaterial.uexp" 740
"C:/Deskop/For University/game UE/firstOne/Content/VehicleAdv/Materials/MasterSolidColor.uasset" 741
"C:/Deskop/For University/game UE/firstOne/Content/VehicleAdv/Materials/MasterSolidColor.uexp" 742
"C:/Deskop/For University/game UE/firstOne/Content/VehicleAdv/Materials/MaterialInstances/SolidOrange.uasset" 743
"C:/Deskop/For University/game UE/firstOne/Content/VehicleAdv/Materials/MaterialInstances/SolidOrange.uexp" 744
"C:/Deskop/For University/game UE/firstOne/Content/VehicleAdv/ArenaMesh/BumpWave.uasset" 745
"C:/Deskop/For University/game UE/firstOne/Content/VehicleAdv/ArenaMesh/BumpWave.uexp" 746
"C:/Deskop/For University/game UE/firstOne/Content/VehicleAdv/ArenaMesh/BumpWaveSmall.uasset" 747
"C:/Deskop/For University/game UE/firstOne/Content/VehicleAdv/ArenaMesh/BumpWaveSmall.uexp" 748
"C:/Deskop/For University/game UE/firstOne/Content/VehicleAdv/ArenaMesh/BumpWedge.uasset" 749
"C:/Deskop/For University/game UE/firstOne/Content/VehicleAdv/ArenaMesh/BumpWedge.uexp" 750
"C:/Deskop/For University/game UE/firstOne/Content/VehicleAdv/ArenaMesh/LoopBig.uasset" 751
"C:/Deskop/For University/game UE/firstOne/Content/VehicleAdv/ArenaMesh/LoopBig.uexp" 752
"C:/Deskop/For University/game UE/firstOne/Content/VehicleAdv/ArenaMesh/LoopSmall.uasset" 753
"C:/Deskop/For University/game UE/firstOne/Content/VehicleAdv/ArenaMesh/LoopSmall.uexp" 754
"C:/Deskop/For University/game UE/firstOne/Content/VehicleAdv/ArenaMesh/RampLarge.uasset" 755
"C:/Deskop/For University/game UE/firstOne/Content/VehicleAdv/ArenaMesh/RampLarge.uexp" 756
"C:/Deskop/For University/game UE/firstOne/Content/VehicleAdv/Materials/MasterGrid.uasset" 757
"C:/Deskop/For University/game UE/firstOne/Content/VehicleAdv/Materials/MasterGrid.uexp" 758
"C:/Deskop/For University/game UE/firstOne/Content/VehicleAdv/Materials/MaterialInstances/BlackGrid.uasset" 759
"C:/Deskop/For University/game UE/firstOne/Content/VehicleAdv/Materials/MaterialInstances/BlackGrid.uexp" 760
"C:/Deskop/For University/game UE/firstOne/Content/VehicleAdv/Materials/MaterialInstances/RedGrid.uasset" 761
"C:/Deskop/For University/game UE/firstOne/Content/VehicleAdv/Materials/MaterialInstances/RedGrid.uexp" 762
"C:/Deskop/For University/game UE/firstOne/Content/VehicleAdv/ArenaMesh/StraightFull.uasset" 763
"C:/Deskop/For University/game UE/firstOne/Content/VehicleAdv/ArenaMesh/StraightFull.uexp" 764
"C:/Deskop/For University/game UE/firstOne/Content/VehicleAdv/ArenaMesh/StraightHalf.uasset" 765
"C:/Deskop/For University/game UE/firstOne/Content/VehicleAdv/ArenaMesh/StraightHalf.uexp" 766
"C:/Deskop/For University/game UE/firstOne/Content/VehicleAdv/ArenaMesh/StraightQuarter.uasset" 767
"C:/Deskop/For University/game UE/firstOne/Content/VehicleAdv/ArenaMesh/StraightQuarter.uexp" 768
"C:/Deskop/For University/game UE/firstOne/Content/VehicleAdv/Materials/MaterialInstances/SolidRed.uasset" 769
"C:/Deskop/For University/game UE/firstOne/Content/VehicleAdv/Materials/MaterialInstances/SolidRed.uexp" 770
"C:/Deskop/For University/game UE/firstOne/Content/VehicleAdv/ArenaMesh/turn_22andhalf.uasset" 771
"C:/Deskop/For University/game UE/firstOne/Content/VehicleAdv/ArenaMesh/turn_22andhalf.uexp" 772
"C:/Deskop/For University/game UE/firstOne/Content/VehicleAdv/ArenaMesh/Turn_45.uasset" 773
"C:/Deskop/For University/game UE/firstOne/Content/VehicleAdv/ArenaMesh/Turn_45.uexp" 774
"C:/Deskop/For University/game UE/firstOne/Content/VehicleAdv/ArenaMesh/Turn_90.uasset" 775
"C:/Deskop/For University/game UE/firstOne/Content/VehicleAdv/ArenaMesh/Turn_90.uexp" 776
"C:/Deskop/For University/game UE/firstOne/Content/VehicleAdv/ArenaMesh/Turn_90Large.uasset" 777
"C:/Deskop/For University/game UE/firstOne/Content/VehicleAdv/ArenaMesh/Turn_90Large.uexp" 778
"C:/Deskop/For University/game UE/firstOne/Content/VehicleAdv/Materials/Landscape.uasset" 779
"C:/Deskop/For University/game UE/firstOne/Content/VehicleAdv/Materials/Landscape.uexp" 780
"C:/Deskop/For University/game UE/firstOne/Content/VehicleAdv/Materials/MaterialInstances/LandscapeNoHole.uasset" 781
"C:/Deskop/For University/game UE/firstOne/Content/VehicleAdv/Materials/MaterialInstances/LandscapeNoHole.uexp" 782
"C:/Deskop/For University/game UE/firstOne/Content/VehicleAdv/Sound/Engine_Speed_01_Loop.uasset" 783
"C:/Deskop/For University/game UE/firstOne/Content/VehicleAdv/Sound/Engine_Speed_01_Loop.uexp" 784
"C:/Deskop/For University/game UE/firstOne/Content/VehicleAdv/Sound/Engine_Speed_03_Loop.uasset" 785
"C:/Deskop/For University/game UE/firstOne/Content/VehicleAdv/Sound/Engine_Speed_03_Loop.uexp" 786
"C:/Deskop/For University/game UE/firstOne/Content/VehicleAdv/Sound/Engine_Speed_05_Loop.uasset" 787
"C:/Deskop/For University/game UE/firstOne/Content/VehicleAdv/Sound/Engine_Speed_05_Loop.uexp" 788
"C:/Deskop/For University/game UE/firstOne/Content/VehicleAdv/PhysicsMaterials/Slippery.uasset" 789
"C:/Deskop/For University/game UE/firstOne/Content/VehicleAdv/PhysicsMaterials/Slippery.uexp" 790
"C:/Deskop/For University/game UE/firstOne/Content/VehicleAdv/PhysicsMaterials/NonSlippery.uasset" 791
"C:/Deskop/For University/game UE/firstOne/Content/VehicleAdv/PhysicsMaterials/NonSlippery.uexp" 792
"C:/Deskop/For University/game UE/firstOne/Content/VehicleAdv/Vehicle/WheelData/Vehicle_FrontTireConfig.uasset" 793
"C:/Deskop/For University/game UE/firstOne/Content/VehicleAdv/Vehicle/WheelData/Vehicle_FrontTireConfig.uexp" 794
"C:/Deskop/For University/game UE/firstOne/Content/VehicleAdvBP/Blueprints/WheelData/WheelFront.uasset" 795
"C:/Deskop/For University/game UE/firstOne/Content/VehicleAdvBP/Blueprints/WheelData/WheelFront.uexp" 796
"C:/Deskop/For University/game UE/firstOne/Content/VehicleAdv/Vehicle/WheelData/Vehicle_BackTireConfig.uasset" 797
"C:/Deskop/For University/game UE/firstOne/Content/VehicleAdv/Vehicle/WheelData/Vehicle_BackTireConfig.uexp" 798
"C:/Deskop/For University/game UE/firstOne/Content/VehicleAdvBP/Blueprints/WheelData/WheelBack.uasset" 799
"C:/Deskop/For University/game UE/firstOne/Content/VehicleAdvBP/Blueprints/WheelData/WheelBack.uexp" 800
"C:/Deskop/For University/game UE/firstOne/Content/VehicleAdvBP/Blueprints/VehicleAdvHud.uasset" 801
"C:/Deskop/For University/game UE/firstOne/Content/VehicleAdvBP/Blueprints/VehicleAdvHud.uexp" 802
"C:/Deskop/For University/game UE/firstOne/Content/VehicleAdv/Vehicle/VehiclePhysicsAsset.uasset" 803
"C:/Deskop/For University/game UE/firstOne/Content/VehicleAdv/Vehicle/VehiclePhysicsAsset.uexp" 804
"C:/Deskop/For University/game UE/firstOne/Content/VehicleAdv/Vehicle/VehicleSkeleton.uasset" 805
"C:/Deskop/For University/game UE/firstOne/Content/VehicleAdv/Vehicle/VehicleSkeleton.uexp" 806
"C:/Deskop/For University/game UE/firstOne/Content/VehicleAdv/Materials/Fixed_Template_Master.uasset" 807
"C:/Deskop/For University/game UE/firstOne/Content/VehicleAdv/Materials/Fixed_Template_Master.uexp" 808
"C:/Deskop/For University/game UE/firstOne/Content/VehicleAdv/Materials/MaterialInstances/Template_BaseBlue.uasset" 809
"C:/Deskop/For University/game UE/firstOne/Content/VehicleAdv/Materials/MaterialInstances/Template_BaseBlue.uexp" 810
"C:/Deskop/For University/game UE/firstOne/Content/VehicleAdv/Vehicle/Vehicle_SkelMesh.uasset" 811
"C:/Deskop/For University/game UE/firstOne/Content/VehicleAdv/Vehicle/Vehicle_SkelMesh.uexp" 812
"C:/Deskop/For University/game UE/firstOne/Content/VehicleAdv/Vehicle/VehicleAnimationBlueprint.uasset" 813
"C:/Deskop/For University/game UE/firstOne/Content/VehicleAdv/Vehicle/VehicleAnimationBlueprint.uexp" 814
"C:/Deskop/For University/game UE/firstOne/Content/VehicleAdv/Sound/Engine_att.uasset" 815
"C:/Deskop/For University/game UE/firstOne/Content/VehicleAdv/Sound/Engine_att.uexp" 816
"C:/Deskop/For University/game UE/firstOne/Content/VehicleAdv/Sound/Engine_Loop_Cue.uasset" 817
"C:/Deskop/For University/game UE/firstOne/Content/VehicleAdv/Sound/Engine_Loop_Cue.uexp" 818
"../../../Engine/Content/EngineMaterials/AntiAliasedTextMaterialTranslucent.uasset" 819
"../../../Engine/Content/EngineMaterials/AntiAliasedTextMaterialTranslucent.uexp" 820
"C:/Deskop/For University/game UE/firstOne/Content/VehicleAdvBP/Blueprints/VehicleBlueprint.uasset" 821
"C:/Deskop/For University/game UE/firstOne/Content/VehicleAdvBP/Blueprints/VehicleBlueprint.uexp" 822
"C:/Deskop/For University/game UE/firstOne/Content/VehicleAdvBP/Blueprints/VehicleAdvGameMode.uasset" 823
"C:/Deskop/For University/game UE/firstOne/Content/VehicleAdvBP/Blueprints/VehicleAdvGameMode.uexp" 824
"C:/Deskop/For University/game UE/firstOne/Content/VehicleAdvBP/Maps/LayerInfo/Desert_LayerInfo.uasset" 825
"C:/Deskop/For University/game UE/firstOne/Content/VehicleAdvBP/Maps/LayerInfo/Desert_LayerInfo.uexp" 826
"C:/Deskop/For University/game UE/firstOne/Content/VehicleAdvBP/Maps/LayerInfo/Track_LayerInfo.uasset" 827
"C:/Deskop/For University/game UE/firstOne/Content/VehicleAdvBP/Maps/LayerInfo/Track_LayerInfo.uexp" 828
"../../../Engine/Plugins/2D/Paper2D/Content/PlaceholderTextures/DummySpriteTexture.uasset" 829
"../../../Engine/Plugins/2D/Paper2D/Content/PlaceholderTextures/DummySpriteTexture.uexp" 830
"../../../Engine/Plugins/2D/Paper2D/Content/PlaceholderTextures/DummySpriteTexture.ubulk" 831
"../../../Engine/Plugins/2D/Paper2D/Content/DummySprite.uasset" 832
"../../../Engine/Plugins/2D/Paper2D/Content/DummySprite.uexp" 833
"../../../Engine/Plugins/2D/Paper2D/Content/DefaultPaperTerrainMaterial.uasset" 834
"../../../Engine/Plugins/2D/Paper2D/Content/DefaultPaperTerrainMaterial.uexp" 835
"../../../Engine/Plugins/2D/Paper2D/Content/DefaultSpriteMaterial.uasset" 836
"../../../Engine/Plugins/2D/Paper2D/Content/DefaultSpriteMaterial.uexp" 837
"../../../Engine/Plugins/2D/Paper2D/Content/MaskedUnlitSpriteMaterial.uasset" 838
"../../../Engine/Plugins/2D/Paper2D/Content/MaskedUnlitSpriteMaterial.uexp" 839
"../../../Engine/Plugins/2D/Paper2D/Content/OpaqueUnlitSpriteMaterial.uasset" 840
"../../../Engine/Plugins/2D/Paper2D/Content/OpaqueUnlitSpriteMaterial.uexp" 841
"../../../Engine/Plugins/Editor/SpeedTreeImporter/Content/SpeedTree9/UnpackInteger3.uasset" 842
"../../../Engine/Plugins/Editor/SpeedTreeImporter/Content/SpeedTree9/UnpackInteger3.uexp" 843
"../../../Engine/Plugins/Editor/SpeedTreeImporter/Content/SpeedTree9/UnpackDirection.uasset" 844
"../../../Engine/Plugins/Editor/SpeedTreeImporter/Content/SpeedTree9/UnpackDirection.uexp" 845
"../../../Engine/Plugins/Editor/SpeedTreeImporter/Content/SpeedTree9/game_wind_noise.uasset" 846
"../../../Engine/Plugins/Editor/SpeedTreeImporter/Content/SpeedTree9/game_wind_noise.uexp" 847
"../../../Engine/Plugins/Editor/SpeedTreeImporter/Content/SpeedTree9/game_wind_noise.ubulk" 848
"../../../Engine/Content/Functions/Engine_MaterialFunctions02/SafeNormalize.uasset" 849
"../../../Engine/Content/Functions/Engine_MaterialFunctions02/SafeNormalize.uexp" 850
"../../../Engine/Plugins/Editor/SpeedTreeImporter/Content/SpeedTree9/SpeedTreeWindMotion.uasset" 851
"../../../Engine/Plugins/Editor/SpeedTreeImporter/Content/SpeedTree9/SpeedTreeWindMotion.uexp" 852
"../../../Engine/Plugins/Editor/SpeedTreeImporter/Content/SpeedTree9/SpeedTreeBranchMotion.uasset" 853
"../../../Engine/Plugins/Editor/SpeedTreeImporter/Content/SpeedTree9/SpeedTreeBranchMotion.uexp" 854
"../../../Engine/Content/Functions/Engine_MaterialFunctions02/ObjectLocalBounds.uasset" 855
"../../../Engine/Content/Functions/Engine_MaterialFunctions02/ObjectLocalBounds.uexp" 856
"../../../Engine/Content/Functions/Engine_MaterialFunctions02/UVs/BoundingBoxBased_0-1_UVW.uasset" 857
"../../../Engine/Content/Functions/Engine_MaterialFunctions02/UVs/BoundingBoxBased_0-1_UVW.uexp" 858
"../../../Engine/Content/Functions/Engine_MaterialFunctions02/WorldPositionOffset/ObjectScale.uasset" 859
"../../../Engine/Content/Functions/Engine_MaterialFunctions02/WorldPositionOffset/ObjectScale.uexp" 860
"../../../Engine/Plugins/Editor/SpeedTreeImporter/Content/SpeedTree9/SpeedTreeWind.uasset" 861
"../../../Engine/Plugins/Editor/SpeedTreeImporter/Content/SpeedTree9/SpeedTreeWind.uexp" 862
"../../../Engine/Plugins/Editor/SpeedTreeImporter/Content/SpeedTree9/SpeedTreeBillboard.uasset" 863
"../../../Engine/Plugins/Editor/SpeedTreeImporter/Content/SpeedTree9/SpeedTreeBillboard.uexp" 864
"../../../Engine/Plugins/Editor/SpeedTreeImporter/Content/SpeedTree9/EmptyNormal.uasset" 865
"../../../Engine/Plugins/Editor/SpeedTreeImporter/Content/SpeedTree9/EmptyNormal.uexp" 866
"../../../Engine/Plugins/Editor/SpeedTreeImporter/Content/SpeedTree9/Empty.uasset" 867
"../../../Engine/Plugins/Editor/SpeedTreeImporter/Content/SpeedTree9/Empty.uexp" 868
"../../../Engine/Plugins/Editor/SpeedTreeImporter/Content/SpeedTree9/SpeedTreeBillboardMaster.uasset" 869
"../../../Engine/Plugins/Editor/SpeedTreeImporter/Content/SpeedTree9/SpeedTreeBillboardMaster.uexp" 870
"../../../Engine/Plugins/Editor/SpeedTreeImporter/Content/SpeedTree9/SpeedTreeCameraFacing.uasset" 871
"../../../Engine/Plugins/Editor/SpeedTreeImporter/Content/SpeedTree9/SpeedTreeCameraFacing.uexp" 872
"../../../Engine/Plugins/Editor/SpeedTreeImporter/Content/SpeedTree9/SpeedTreeMaster.uasset" 873
"../../../Engine/Plugins/Editor/SpeedTreeImporter/Content/SpeedTree9/SpeedTreeMaster.uexp" 874
"../../../Engine/Plugins/FX/Niagara/Content/Enums/ENiagaraRandomnessMode.uasset" 875
"../../../Engine/Plugins/FX/Niagara/Content/Enums/ENiagaraRandomnessMode.uexp" 876
"../../../Engine/Plugins/FX/Niagara/Content/Icons/S_ParticleSystem.uasset" 877
"../../../Engine/Plugins/FX/Niagara/Content/Icons/S_ParticleSystem.uexp" 878
"../../../Engine/Plugins/FX/Niagara/Content/Icons/S_ParticleSystem.ubulk" 879
"../../../Engine/Content/BasicShapes/Cylinder.uasset" 880
"../../../Engine/Content/BasicShapes/Cylinder.uexp" 881
"../../../Engine/Content/ArtTools/RenderToTexture/Materials/Debug/M_Emissive_Color.uasset" 882
"../../../Engine/Content/ArtTools/RenderToTexture/Materials/Debug/M_Emissive_Color.uexp" 883
"../../../Engine/Plugins/Lumin/MagicLeapPassableWorld/Content/MagicLeapARPinInfoActor.uasset" 884
"../../../Engine/Plugins/Lumin/MagicLeapPassableWorld/Content/MagicLeapARPinInfoActor.uexp" 885
"../../../Engine/Plugins/Runtime/OpenXR/Content/Devices/GoogleDaydream/MRTexture.uasset" 886
"../../../Engine/Plugins/Runtime/OpenXR/Content/Devices/GoogleDaydream/MRTexture.uexp" 887
"../../../Engine/Plugins/Runtime/OpenXR/Content/Devices/GoogleDaydream/MRTexture.ubulk" 888
"../../../Engine/Plugins/Runtime/OpenXR/Content/Devices/GoogleDaydream/BaseTexture.uasset" 889
"../../../Engine/Plugins/Runtime/OpenXR/Content/Devices/GoogleDaydream/BaseTexture.uexp" 890
"../../../Engine/Plugins/Runtime/OpenXR/Content/Devices/GoogleDaydream/BaseTexture.ubulk" 891
"../../../Engine/Content/EngineResources/Black.uasset" 892
"../../../Engine/Content/EngineResources/Black.uexp" 893
"../../../Engine/Plugins/Runtime/OpenXR/Content/Devices/M_XRController.uasset" 894
"../../../Engine/Plugins/Runtime/OpenXR/Content/Devices/M_XRController.uexp" 895
"../../../Engine/Plugins/Runtime/OpenXR/Content/Devices/GoogleDaydream/MI_GoogleDaydream.uasset" 896
"../../../Engine/Plugins/Runtime/OpenXR/Content/Devices/GoogleDaydream/MI_GoogleDaydream.uexp" 897
"../../../Engine/Plugins/Runtime/OpenXR/Content/Devices/GoogleDaydream/GoogleDaydreamController.uasset" 898
"../../../Engine/Plugins/Runtime/OpenXR/Content/Devices/GoogleDaydream/GoogleDaydreamController.uexp" 899
"../../../Engine/Plugins/Runtime/OpenXR/Content/Devices/HTCVive/BaseTexture.uasset" 900
"../../../Engine/Plugins/Runtime/OpenXR/Content/Devices/HTCVive/BaseTexture.uexp" 901
"../../../Engine/Plugins/Runtime/OpenXR/Content/Devices/HTCVive/BaseTexture.ubulk" 902
"../../../Engine/Plugins/Runtime/OpenXR/Content/Devices/HTCVive/MI_HTCVive.uasset" 903
"../../../Engine/Plugins/Runtime/OpenXR/Content/Devices/HTCVive/MI_HTCVive.uexp" 904
"../../../Engine/Plugins/Runtime/OpenXR/Content/Devices/HTCVive/HTCViveController.uasset" 905
"../../../Engine/Plugins/Runtime/OpenXR/Content/Devices/HTCVive/HTCViveController.uexp" 906
"../../../Engine/Plugins/Runtime/OpenXR/Content/Devices/MicrosoftMixedReality/NormalTexture.uasset" 907
"../../../Engine/Plugins/Runtime/OpenXR/Content/Devices/MicrosoftMixedReality/NormalTexture.uexp" 908
"../../../Engine/Plugins/Runtime/OpenXR/Content/Devices/MicrosoftMixedReality/NormalTexture.ubulk" 909
"../../../Engine/Plugins/Runtime/OpenXR/Content/Devices/MicrosoftMixedReality/MRTexture.uasset" 910
"../../../Engine/Plugins/Runtime/OpenXR/Content/Devices/MicrosoftMixedReality/MRTexture.uexp" 911
"../../../Engine/Plugins/Runtime/OpenXR/Content/Devices/MicrosoftMixedReality/MRTexture.ubulk" 912
"../../../Engine/Plugins/Runtime/OpenXR/Content/Devices/MicrosoftMixedReality/EmissiveTexture.uasset" 913
"../../../Engine/Plugins/Runtime/OpenXR/Content/Devices/MicrosoftMixedReality/EmissiveTexture.uexp" 914
"../../../Engine/Plugins/Runtime/OpenXR/Content/Devices/MicrosoftMixedReality/EmissiveTexture.ubulk" 915
"../../../Engine/Plugins/Runtime/OpenXR/Content/Devices/MicrosoftMixedReality/BaseTexture.uasset" 916
"../../../Engine/Plugins/Runtime/OpenXR/Content/Devices/MicrosoftMixedReality/BaseTexture.uexp" 917
"../../../Engine/Plugins/Runtime/OpenXR/Content/Devices/MicrosoftMixedReality/BaseTexture.ubulk" 918
"../../../Engine/Plugins/Runtime/OpenXR/Content/Devices/MicrosoftMixedReality/MI_MicrosoftMixedReality.uasset" 919
"../../../Engine/Plugins/Runtime/OpenXR/Content/Devices/MicrosoftMixedReality/MI_MicrosoftMixedReality.uexp" 920
"../../../Engine/Plugins/Runtime/OpenXR/Content/Devices/MicrosoftMixedReality/Left/left_MicrosoftMixedRealityController.uasset" 921
"../../../Engine/Plugins/Runtime/OpenXR/Content/Devices/MicrosoftMixedReality/Left/left_MicrosoftMixedRealityController.uexp" 922
"../../../Engine/Plugins/Runtime/OpenXR/Content/Devices/MicrosoftMixedReality/Right/right_MicrosoftMixedRealityController.uasset" 923
"../../../Engine/Plugins/Runtime/OpenXR/Content/Devices/MicrosoftMixedReality/Right/right_MicrosoftMixedRealityController.uexp" 924
"../../../Engine/Plugins/Runtime/OpenXR/Content/Devices/OculusGo/BaseTexture.uasset" 925
"../../../Engine/Plugins/Runtime/OpenXR/Content/Devices/OculusGo/BaseTexture.uexp" 926
"../../../Engine/Plugins/Runtime/OpenXR/Content/Devices/OculusGo/BaseTexture.ubulk" 927
"../../../Engine/Plugins/Runtime/OpenXR/Content/Devices/OculusGo/MI_OculusGo.uasset" 928
"../../../Engine/Plugins/Runtime/OpenXR/Content/Devices/OculusGo/MI_OculusGo.uexp" 929
"../../../Engine/Plugins/Runtime/OpenXR/Content/Devices/OculusGo/OculusGoController.uasset" 930
"../../../Engine/Plugins/Runtime/OpenXR/Content/Devices/OculusGo/OculusGoController.uexp" 931
"../../../Engine/Plugins/Runtime/OpenXR/Content/Devices/OculusTouch/MRTexture.uasset" 932
"../../../Engine/Plugins/Runtime/OpenXR/Content/Devices/OculusTouch/MRTexture.uexp" 933
"../../../Engine/Plugins/Runtime/OpenXR/Content/Devices/OculusTouch/MRTexture.ubulk" 934
"../../../Engine/Plugins/Runtime/OpenXR/Content/Devices/OculusTouch/BaseTexture.uasset" 935
"../../../Engine/Plugins/Runtime/OpenXR/Content/Devices/OculusTouch/BaseTexture.uexp" 936
"../../../Engine/Plugins/Runtime/OpenXR/Content/Devices/OculusTouch/BaseTexture.ubulk" 937
"../../../Engine/Plugins/Runtime/OpenXR/Content/Devices/OculusTouch/MI_OculusTouch.uasset" 938
"../../../Engine/Plugins/Runtime/OpenXR/Content/Devices/OculusTouch/MI_OculusTouch.uexp" 939
"../../../Engine/Plugins/Runtime/OpenXR/Content/Devices/OculusTouch/Left/left_OculusTouchController.uasset" 940
"../../../Engine/Plugins/Runtime/OpenXR/Content/Devices/OculusTouch/Left/left_OculusTouchController.uexp" 941
"../../../Engine/Plugins/Runtime/OpenXR/Content/Devices/OculusTouch/Right/right_OculusTouchController.uasset" 942
"../../../Engine/Plugins/Runtime/OpenXR/Content/Devices/OculusTouch/Right/right_OculusTouchController.uexp" 943
"../../../Engine/Plugins/Runtime/OpenXR/Content/Devices/OculusTouch_v2/MRTexture.uasset" 944
"../../../Engine/Plugins/Runtime/OpenXR/Content/Devices/OculusTouch_v2/MRTexture.uexp" 945
"../../../Engine/Plugins/Runtime/OpenXR/Content/Devices/OculusTouch_v2/MRTexture.ubulk" 946
"../../../Engine/Plugins/Runtime/OpenXR/Content/Devices/OculusTouch_v2/BaseTexture.uasset" 947
"../../../Engine/Plugins/Runtime/OpenXR/Content/Devices/OculusTouch_v2/BaseTexture.uexp" 948
"../../../Engine/Plugins/Runtime/OpenXR/Content/Devices/OculusTouch_v2/BaseTexture.ubulk" 949
"../../../Engine/Plugins/Runtime/OpenXR/Content/Devices/OculusTouch_v2/MI_OculusTouch_v2.uasset" 950
"../../../Engine/Plugins/Runtime/OpenXR/Content/Devices/OculusTouch_v2/MI_OculusTouch_v2.uexp" 951
"../../../Engine/Plugins/Runtime/OpenXR/Content/Devices/OculusTouch_v2/Left/left_OculusTouch_v2Controller.uasset" 952
"../../../Engine/Plugins/Runtime/OpenXR/Content/Devices/OculusTouch_v2/Left/left_OculusTouch_v2Controller.uexp" 953
"../../../Engine/Plugins/Runtime/OpenXR/Content/Devices/OculusTouch_v2/Right/right_OculusTouch_v2Controller.uasset" 954
"../../../Engine/Plugins/Runtime/OpenXR/Content/Devices/OculusTouch_v2/Right/right_OculusTouch_v2Controller.uexp" 955
"../../../Engine/Plugins/Runtime/OpenXR/Content/Devices/OculusTouch_v3/MRTexture.uasset" 956
"../../../Engine/Plugins/Runtime/OpenXR/Content/Devices/OculusTouch_v3/MRTexture.uexp" 957
"../../../Engine/Plugins/Runtime/OpenXR/Content/Devices/OculusTouch_v3/MRTexture.ubulk" 958
"../../../Engine/Plugins/Runtime/OpenXR/Content/Devices/OculusTouch_v3/BaseTexture.uasset" 959
"../../../Engine/Plugins/Runtime/OpenXR/Content/Devices/OculusTouch_v3/BaseTexture.uexp" 960
"../../../Engine/Plugins/Runtime/OpenXR/Content/Devices/OculusTouch_v3/BaseTexture.ubulk" 961
"../../../Engine/Plugins/Runtime/OpenXR/Content/Devices/OculusTouch_v3/MI_OculusTouch_v3.uasset" 962
"../../../Engine/Plugins/Runtime/OpenXR/Content/Devices/OculusTouch_v3/MI_OculusTouch_v3.uexp" 963
"../../../Engine/Plugins/Runtime/OpenXR/Content/Devices/OculusTouch_v3/Left/left_OculusTouch_v3Controller.uasset" 964
"../../../Engine/Plugins/Runtime/OpenXR/Content/Devices/OculusTouch_v3/Left/left_OculusTouch_v3Controller.uexp" 965
"../../../Engine/Plugins/Runtime/OpenXR/Content/Devices/OculusTouch_v3/Right/right_OculusTouch_v3Controller.uasset" 966
"../../../Engine/Plugins/Runtime/OpenXR/Content/Devices/OculusTouch_v3/Right/right_OculusTouch_v3Controller.uexp" 967
"../../../Engine/Plugins/Runtime/OpenXR/Content/Devices/ValveIndex/MRTexture.uasset" 968
"../../../Engine/Plugins/Runtime/OpenXR/Content/Devices/ValveIndex/MRTexture.uexp" 969
"../../../Engine/Plugins/Runtime/OpenXR/Content/Devices/ValveIndex/MRTexture.ubulk" 970
"../../../Engine/Plugins/Runtime/OpenXR/Content/Devices/ValveIndex/BaseTexture.uasset" 971
"../../../Engine/Plugins/Runtime/OpenXR/Content/Devices/ValveIndex/BaseTexture.uexp" 972
"../../../Engine/Plugins/Runtime/OpenXR/Content/Devices/ValveIndex/BaseTexture.ubulk" 973
"../../../Engine/Plugins/Runtime/OpenXR/Content/Devices/ValveIndex/Left/MI_left_ValveIndex.uasset" 974
"../../../Engine/Plugins/Runtime/OpenXR/Content/Devices/ValveIndex/Left/MI_left_ValveIndex.uexp" 975
"../../../Engine/Plugins/Runtime/OpenXR/Content/Devices/ValveIndex/Left/left_ValveIndexController.uasset" 976
"../../../Engine/Plugins/Runtime/OpenXR/Content/Devices/ValveIndex/Left/left_ValveIndexController.uexp" 977
"../../../Engine/Plugins/Runtime/OpenXR/Content/Devices/ValveIndex/Right/MI_right_ValveIndex.uasset" 978
"../../../Engine/Plugins/Runtime/OpenXR/Content/Devices/ValveIndex/Right/MI_right_ValveIndex.uexp" 979
"../../../Engine/Plugins/Runtime/OpenXR/Content/Devices/ValveIndex/Right/right_ValveIndexController.uasset" 980
"../../../Engine/Plugins/Runtime/OpenXR/Content/Devices/ValveIndex/Right/right_ValveIndexController.uexp" 981
"../../../Engine/Content/Functions/Engine_MaterialFunctions02/Utility/BreakOutFloat4Components.uasset" 982
"../../../Engine/Content/Functions/Engine_MaterialFunctions02/Utility/BreakOutFloat4Components.uexp" 983
"../../../Engine/Plugins/Runtime/Oculus/OculusVR/Content/Materials/OculusMR_ChromaKey.uasset" 984
"../../../Engine/Plugins/Runtime/Oculus/OculusVR/Content/Materials/OculusMR_ChromaKey.uexp" 985
"../../../Engine/Plugins/Runtime/Oculus/OculusVR/Content/Materials/OculusMR_OpaqueColoredMaterial.uasset" 986
"../../../Engine/Plugins/Runtime/Oculus/OculusVR/Content/Materials/OculusMR_OpaqueColoredMaterial.uexp" 987
"../../../Engine/Plugins/Runtime/Oculus/OculusVR/Content/Materials/PokeAHoleMaterial.uasset" 988
"../../../Engine/Plugins/Runtime/Oculus/OculusVR/Content/Materials/PokeAHoleMaterial.uexp" 989
"../../../Engine/Plugins/Runtime/Oculus/OculusVR/Content/Textures/touchController_controlmap.uasset" 990
"../../../Engine/Plugins/Runtime/Oculus/OculusVR/Content/Textures/touchController_controlmap.uexp" 991
"../../../Engine/Plugins/Runtime/Oculus/OculusVR/Content/Textures/touchController_controlmap.ubulk" 992
"../../../Engine/Plugins/Runtime/Oculus/OculusVR/Content/Textures/touchController_albedo.uasset" 993
"../../../Engine/Plugins/Runtime/Oculus/OculusVR/Content/Textures/touchController_albedo.uexp" 994
"../../../Engine/Plugins/Runtime/Oculus/OculusVR/Content/Textures/touchController_albedo.ubulk" 995
"../../../Engine/Plugins/Runtime/Oculus/OculusVR/Content/Materials/touchController_mat.uasset" 996
"../../../Engine/Plugins/Runtime/Oculus/OculusVR/Content/Materials/touchController_mat.uexp" 997
"../../../Engine/Plugins/Runtime/Oculus/OculusVR/Content/Meshes/LeftTouchController.uasset" 998
"../../../Engine/Plugins/Runtime/Oculus/OculusVR/Content/Meshes/LeftTouchController.uexp" 999
"../../../Engine/Plugins/Runtime/Oculus/OculusVR/Content/Textures/TouchForQuestRiftSController_albedo.uasset" 1000
"../../../Engine/Plugins/Runtime/Oculus/OculusVR/Content/Textures/TouchForQuestRiftSController_albedo.uexp" 1001
"../../../Engine/Plugins/Runtime/Oculus/OculusVR/Content/Textures/TouchForQuestRiftSController_albedo.ubulk" 1002
"../../../Engine/Plugins/Runtime/Oculus/OculusVR/Content/Materials/TouchForQuestRiftSControllerMaterial.uasset" 1003
"../../../Engine/Plugins/Runtime/Oculus/OculusVR/Content/Materials/TouchForQuestRiftSControllerMaterial.uexp" 1004
"../../../Engine/Plugins/Runtime/Oculus/OculusVR/Content/Meshes/LeftTouchForQuestRiftSController.uasset" 1005
"../../../Engine/Plugins/Runtime/Oculus/OculusVR/Content/Meshes/LeftTouchForQuestRiftSController.uexp" 1006
"../../../Engine/Plugins/Runtime/Oculus/OculusVR/Content/Meshes/RiftHMD.uasset" 1007
"../../../Engine/Plugins/Runtime/Oculus/OculusVR/Content/Meshes/RiftHMD.uexp" 1008
"../../../Engine/Plugins/Runtime/Oculus/OculusVR/Content/Meshes/RightTouchController.uasset" 1009
"../../../Engine/Plugins/Runtime/Oculus/OculusVR/Content/Meshes/RightTouchController.uexp" 1010
"../../../Engine/Plugins/Runtime/Oculus/OculusVR/Content/Meshes/RightTouchForQuestRiftSController.uasset" 1011
"../../../Engine/Plugins/Runtime/Oculus/OculusVR/Content/Meshes/RightTouchForQuestRiftSController.uexp" 1012
"../../../Engine/Content/Maps/Entry_BuiltData.uasset" 1013
"../../../Engine/Content/Maps/Entry_BuiltData.uexp" 1014
"../../../Engine/Content/Maps/Entry.uexp" 1015
"../../../Engine/Content/Maps/Entry.umap" 1016
"C:/Deskop/For University/game UE/firstOne/Content/VehicleAdvBP/Maps/VehicleAdvExampleMap_BuiltData.uasset" 1017
"C:/Deskop/For University/game UE/firstOne/Content/VehicleAdvBP/Maps/VehicleAdvExampleMap_BuiltData.uexp" 1018
"../../../Engine/Content/BasicShapes/Plane.uasset" 1019
"../../../Engine/Content/BasicShapes/Plane.uexp" 1020
"../../../Engine/Content/BasicShapes/BasicShapeMaterial.uasset" 1021
"../../../Engine/Content/BasicShapes/BasicShapeMaterial.uexp" 1022
"C:/Deskop/For University/game UE/firstOne/Content/VehicleAdvBP/Maps/VehicleAdvExampleMap.uexp" 1023
"C:/Deskop/For University/game UE/firstOne/Content/VehicleAdvBP/Maps/VehicleAdvExampleMap.umap" 1024
